<?xml version="1.0" encoding="UTF-8" ?>
<testsuite errors="0" failures="3" hostname="DESKTOP-34IR1DF" name="dao.AdminsDaoTest" skipped="0" tests="6" time="6.388" timestamp="2022-10-29T03:23:33">
  <properties>
    <property name="libs.jsp-compiler.javadoc" value="" />
    <property name="netbeans.autoupdate.country" value="ID" />
    <property name="javac.test.classpath" value="G:/Rafi/CCIT/Project-6/Project-6-Testing/lib/hibernate4-support/antlr-2.7.7.jar;G:/Rafi/CCIT/Project-6/Project-6-Testing/lib/hibernate4-support/c3p0-0.9.2.1.jar;G:/Rafi/CCIT/Project-6/Project-6-Testing/lib/hibernate4-support/hibernate-c3p0-4.3.1.Final.jar;G:/Rafi/CCIT/Project-6/Project-6-Testing/lib/hibernate4-support/mchange-commons-java-0.2.3.4.jar;G:/Rafi/CCIT/Project-6/Project-6-Testing/lib/hibernate4-support/dom4j-1.6.1.jar;G:/Rafi/CCIT/Project-6/Project-6-Testing/lib/hibernate4-support/ehcache-core-2.4.3.jar;G:/Rafi/CCIT/Project-6/Project-6-Testing/lib/hibernate4-support/hibernate-ehcache-4.3.1.Final.jar;G:/Rafi/CCIT/Project-6/Project-6-Testing/lib/hibernate4-support/hibernate-core-4.3.1.Final.jar;G:/Rafi/CCIT/Project-6/Project-6-Testing/lib/hibernate4-support/jboss-logging-3.1.3.GA.jar;G:/Rafi/CCIT/Project-6/Project-6-Testing/lib/hibernate4-support/hibernate-commons-annotations-4.0.4.Final.jar;G:/Rafi/CCIT/Project-6/Project-6-Testing/lib/hibernate4-support/hibernate-entitymanager-4.3.1.Final.jar;G:/Rafi/CCIT/Project-6/Project-6-Testing/lib/hibernate4-support/javassist-3.18.1-GA.jar;G:/Rafi/CCIT/Project-6/Project-6-Testing/lib/hibernate4-support/jboss-transaction-api_1.2_spec-1.0.0.Final.jar;G:/Rafi/CCIT/Project-6/Project-6-Testing/lib/hibernate4-support/slf4j-api-1.6.1.jar;G:/Rafi/CCIT/Project-6/Project-6-Testing/lib/hibernate4-support/slf4j-simple-1.6.1.jar:&lt;&lt;&lt;&lt;&lt;&lt;&lt; HEAD:G:/Rafi/CCIT/Project-6/Project-6-Testing/lib/MySQLDriver/mysql-connector-java-5.1.23-bin.jar:lib\BootsFaces-OSP-1.4.2.jar:build/web/WEB-INF/classes:G:/Rafi/CCIT/Project-6/Project-6-Testing/lib/junit_4/junit-4.12.jar:G:/Rafi/CCIT/Project-6/Project-6-Testing/lib/hamcrest/hamcrest-core-1.3.jar" />
    <property name="libs.jsf20.maven-pom" value="" />
    <property name="j2ee.copy.static.files.on.save" value="true" />
    <property name="libs.DataBindingME.src" value="C:\Program Files\NetBeans 8.2\mobility\sources\netbeans_databindingme-src.zip" />
    <property name="source.root" value="src" />
    <property name="do.display.browser" value="true" />
    <property name="libs.spring-webmvc4.0.src" value="" />
    <property name="ant.core.lib" value="C:\Program Files\NetBeans 8.2\extide\ant\lib\ant.jar" />
    <property name="javadoc.windowtitle" value="" />
    <property name="libs.jsp-compilation.javadoc" value="" />
    <property name="user.dir" value="G:\Rafi\CCIT\Project-6\Project-6-Testing" />
    <property name="libs.javaee-api-7.0.src" value="" />
    <property name="java.vm.version" value="25.311-b11" />
    <property name="libs.DataBindingME.classpath" value="C:\Program Files\NetBeans 8.2\mobility\modules\ext\netbeans_databindingme.jar" />
    <property name="libs.j2me_common_ant.src" value="" />
    <property name="libs.MySQLDriver.classpath" value="G:/Rafi/CCIT/Project-6/Project-6-Testing/lib/MySQLDriver/mysql-connector-java-5.1.23-bin.jar" />
    <property name="no.dependencies" value="false" />
    <property name="ant.file.G2AirlineHibernate-impl" value="G:\Rafi\CCIT\Project-6\Project-6-Testing\nbproject\build-impl.xml" />
    <property name="libs.eclipselinkmodelgen.src" value="" />
    <property name="javadoc.notree" value="false" />
    <property name="lib.dir" value="web/WEB-INF/lib" />
    <property name="netbeans.autoupdate.version" value="1.23" />
    <property name="libs.EclipseLink-GlassFish-v3.classpath" value="C:\Program Files\glassfish-4.1.1\glassfish\modules\org.eclipse.persistence.antlr.jar;C:\Program Files\glassfish-4.1.1\glassfish\modules\org.eclipse.persistence.asm.jar;C:\Program Files\glassfish-4.1.1\glassfish\modules\org.eclipse.persistence.core.jar;C:\Program Files\glassfish-4.1.1\glassfish\modules\org.eclipse.persistence.dbws.jar;C:\Program Files\glassfish-4.1.1\glassfish\modules\org.eclipse.persistence.jpa.jar;C:\Program Files\glassfish-4.1.1\glassfish\modules\org.eclipse.persistence.jpa.jpql.jar;C:\Program Files\glassfish-4.1.1\glassfish\modules\org.eclipse.persistence.jpa.modelgen.processor.jar;C:\Program Files\glassfish-4.1.1\glassfish\modules\org.eclipse.persistence.moxy.jar;C:\Program Files\glassfish-4.1.1\glassfish\modules\org.eclipse.persistence.oracle.jar;C:\Program Files\glassfish-4.1.1\glassfish\modules\javax.persistence.jar" />
    <property name="libs.javaee-web-api-6.0.classpath" value="C:\Program Files\NetBeans 8.2\enterprise\modules\ext\javaee-web-api-6.0.jar" />
    <property name="libs.DataBindingME-PIM.maven-pom" value="" />
    <property name="libs.Java-EE-GlassFish-v3-Prelude.javadoc" value="C:\Program Files\NetBeans 8.2\enterprise\docs\javaee-doc-api.jar" />
    <property name="jdk.home" value="C:\Program Files\Java\jdk1.8.0_311" />
    <property name="libs.javac-api.src" value="" />
    <property name="javadoc.noindex" value="false" />
    <property name="libs.jpa2-persistence.classpath" value="C:\Program Files\NetBeans 8.2\java\modules\ext\hibernate4\hibernate-jpa-2.1-api-1.0.0.Final.jar" />
    <property name="sun.os.patch.level" value="" />
    <property name="libs.Java-EE-GlassFish-v3-Prelude.src" value="" />
    <property name="do.tmp.war.package" value="true" />
    <property name="java.vm.specification.name" value="Java Virtual Machine Specification" />
    <property name="nb.show.statistics.ui" value="usageStatisticsEnabled" />
    <property name="netbeans.autoupdate.variant" value="" />
    <property name="have.tests" value="true" />
    <property name="org.xml.sax.driver" value="com.sun.org.apache.xerces.internal.jaxp.SAXParserImpl$JAXPSAXParser" />
    <property name="libs.hamcrest.classpath" value="G:/Rafi/CCIT/Project-6/Project-6-Testing/lib/hamcrest/hamcrest-core-1.3.jar" />
    <property name="j2ee.server.instance" value="[C:\Program Files\glassfish-4.1.1\glassfish;C:\Program Files\glassfish-4.1.1\glassfish\domains\domain1]deployer:gfv3ee6wc:localhost:4848" />
    <property name="libs.javac-api.javadoc" value="" />
    <property name="os.name" value="Windows 10" />
    <property name="libs.beans-binding.classpath" value="C:\Program Files\NetBeans 8.2\java\modules\ext\beansbinding-1.2.1.jar" />
    <property name="libs.javaee-endorsed-api-7.0.maven-pom" value="" />
    <property name="ap.proc.none.internal" value="" />
    <property name="libs.DataBindingME-SVG.javadoc" value="C:\Program Files\NetBeans 8.2\mobility\modules\docs\netbeans_databindingme_svg-api.zip" />
    <property name="libs.restapi.javadoc" value="" />
    <property name="libs.JWSAntTasks.maven-pom" value="" />
    <property name="libs.jstl.classpath" value="C:\Program Files\NetBeans 8.2\enterprise\modules\ext\jstl-impl.jar;C:\Program Files\NetBeans 8.2\enterprise\modules\ext\jstl-api.jar" />
    <property name="libs.testng.src" value="" />
    <property name="libs.spring-webmvc3.0.src" value="" />
    <property name="libs.restapi.classpath" value="C:\Program Files\NetBeans 8.2\enterprise\modules\ext\jaxrs-2.0\javax.ws.rs-api-2.0.jar" />
    <property name="runmain.jvmargs" value=" -javaagent:&quot;C:\Users\Sukhs\AppData\Roaming\NetBeans\8.2\modules\ext\jacocoagent.jar&quot;=includes=alert.*:config.*:dao.*:pojo.*,destfile=&quot;G:\Rafi\CCIT\Project-6\Project-6-Testing\jacoco.exec-81611132925000&quot;" />
    <property name="java.vendor.url.bug" value="http://bugreport.sun.com/bugreport/" />
    <property name="${file.reference.BootsFaces-OSP-1.4.2.jar}" value="" />
    <property name="libs.jaxb.maven-pom" value="" />
    <property name="os.arch" value="amd64" />
    <property name="libs.eclipselink.src" value="" />
    <property name="user.name" value="Sukhs" />
    <property name="j2ee.compile.on.save" value="true" />
    <property name="libs.jsf12.javadoc" value="C:\Program Files\NetBeans 8.2\enterprise\docs\javaee-doc-api.jar" />
    <property name="libs.Comet-GlassFish-v3.javadoc" value="" />
    <property name="libs.j2me_common_ant.maven-pom" value="" />
    <property name="libs.spring-webmvc3.0.maven-pom" value="" />
    <property name="libs.swing-layout.maven-pom" value="" />
    <property name="sun.java.command" value="org.apache.tools.ant.taskdefs.optional.junit.JUnitTestRunner dao.AdminsDaoTest skipNonTests=false filtertrace=true haltOnError=false haltOnFailure=false showoutput=true outputtoformatters=true logfailedtests=true threadid=0 logtestlistenerevents=true formatter=org.apache.tools.ant.taskdefs.optional.junit.BriefJUnitResultFormatter formatter=org.apache.tools.ant.taskdefs.optional.junit.XMLJUnitResultFormatter,G:\Rafi\CCIT\Project-6\Project-6-Testing\build\test\results\TEST-dao.AdminsDaoTest.xml crashfile=G:\Rafi\CCIT\Project-6\Project-6-Testing\build\junitvmwatcher1126416110193809338.properties propsfile=G:\Rafi\CCIT\Project-6\Project-6-Testing\build\junit6168426597046754960.properties" />
    <property name="build.classes.dir" value="build/web/WEB-INF/classes" />
    <property name="netbeans.accept_license_class" value="org.netbeans.license.AcceptLicense" />
    <property name="ap.supported.internal" value="true" />
    <property name="libs.javaee-endorsed-api-7.0.javadoc" value="G:/Rafi/CCIT/Project-6/Project-6-Testing/lib/javaee-endorsed-api-7.0/javaee-doc-api.jar" />
    <property name="libs.jaxws21.javadoc" value="C:\Program Files\NetBeans 8.2\java\docs\jaxws-api-doc.zip" />
    <property name="libs.spring-webmvc4.0.javadoc" value="" />
    <property name="build.web.excludes" value="**/*.java,**/*.form" />
    <property name="ant.file.type.G2AirlineHibernate-impl" value="file" />
    <property name="includes" value="**" />
    <property name="j2ee.platform.wsimport.classpath" value="C:/Program Files/glassfish-4.1.1/glassfish/modules/webservices-osgi.jar:C:/Program Files/glassfish-4.1.1/glassfish/modules/endorsed/webservices-api-osgi.jar:C:/Program Files/glassfish-4.1.1/glassfish/modules/jaxb-osgi.jar:C:/Program Files/glassfish-4.1.1/glassfish/modules/endorsed/jaxb-api.jar" />
    <property name="user.country" value="ID" />
    <property name="javadoc.encoding" value="UTF-8" />
    <property name="javac.classpath" value="G:/Rafi/CCIT/Project-6/Project-6-Testing/lib/hibernate4-support/antlr-2.7.7.jar;G:/Rafi/CCIT/Project-6/Project-6-Testing/lib/hibernate4-support/c3p0-0.9.2.1.jar;G:/Rafi/CCIT/Project-6/Project-6-Testing/lib/hibernate4-support/hibernate-c3p0-4.3.1.Final.jar;G:/Rafi/CCIT/Project-6/Project-6-Testing/lib/hibernate4-support/mchange-commons-java-0.2.3.4.jar;G:/Rafi/CCIT/Project-6/Project-6-Testing/lib/hibernate4-support/dom4j-1.6.1.jar;G:/Rafi/CCIT/Project-6/Project-6-Testing/lib/hibernate4-support/ehcache-core-2.4.3.jar;G:/Rafi/CCIT/Project-6/Project-6-Testing/lib/hibernate4-support/hibernate-ehcache-4.3.1.Final.jar;G:/Rafi/CCIT/Project-6/Project-6-Testing/lib/hibernate4-support/hibernate-core-4.3.1.Final.jar;G:/Rafi/CCIT/Project-6/Project-6-Testing/lib/hibernate4-support/jboss-logging-3.1.3.GA.jar;G:/Rafi/CCIT/Project-6/Project-6-Testing/lib/hibernate4-support/hibernate-commons-annotations-4.0.4.Final.jar;G:/Rafi/CCIT/Project-6/Project-6-Testing/lib/hibernate4-support/hibernate-entitymanager-4.3.1.Final.jar;G:/Rafi/CCIT/Project-6/Project-6-Testing/lib/hibernate4-support/javassist-3.18.1-GA.jar;G:/Rafi/CCIT/Project-6/Project-6-Testing/lib/hibernate4-support/jboss-transaction-api_1.2_spec-1.0.0.Final.jar;G:/Rafi/CCIT/Project-6/Project-6-Testing/lib/hibernate4-support/slf4j-api-1.6.1.jar;G:/Rafi/CCIT/Project-6/Project-6-Testing/lib/hibernate4-support/slf4j-simple-1.6.1.jar:&lt;&lt;&lt;&lt;&lt;&lt;&lt; HEAD:G:/Rafi/CCIT/Project-6/Project-6-Testing/lib/MySQLDriver/mysql-connector-java-5.1.23-bin.jar:lib\BootsFaces-OSP-1.4.2.jar" />
    <property name="libs.jsp-compilation-syscp.src" value="" />
    <property name="libs.JAVADB_DRIVER_LABEL.src" value="" />
    <property name="libs.spring-framework400.classpath" value="C:\Program Files\NetBeans 8.2\ide\modules\org-apache-commons-logging.jar;C:\Program Files\NetBeans 8.2\java\modules\ext\cglib-2.2.jar;C:\Program Files\NetBeans 8.2\java\modules\ext\spring-4\spring-aop-4.0.1.RELEASE.jar;C:\Program Files\NetBeans 8.2\java\modules\ext\spring-4\spring-aspects-4.0.1.RELEASE.jar;C:\Program Files\NetBeans 8.2\java\modules\ext\spring-4\spring-beans-4.0.1.RELEASE.jar;C:\Program Files\NetBeans 8.2\java\modules\ext\spring-4\spring-build-src-4.0.1.RELEASE.jar;C:\Program Files\NetBeans 8.2\java\modules\ext\spring-4\spring-context-4.0.1.RELEASE.jar;C:\Program Files\NetBeans 8.2\java\modules\ext\spring-4\spring-context-support-4.0.1.RELEASE.jar;C:\Program Files\NetBeans 8.2\java\modules\ext\spring-4\spring-core-4.0.1.RELEASE.jar;C:\Program Files\NetBeans 8.2\java\modules\ext\spring-4\spring-expression-4.0.1.RELEASE.jar;C:\Program Files\NetBeans 8.2\java\modules\ext\spring-4\spring-framework-bom-4.0.1.RELEASE.jar;C:\Program Files\NetBeans 8.2\java\modules\ext\spring-4\spring-instrument-4.0.1.RELEASE.jar;C:\Program Files\NetBeans 8.2\java\modules\ext\spring-4\spring-instrument-tomcat-4.0.1.RELEASE.jar;C:\Program Files\NetBeans 8.2\java\modules\ext\spring-4\spring-jdbc-4.0.1.RELEASE.jar;C:\Program Files\NetBeans 8.2\java\modules\ext\spring-4\spring-jms-4.0.1.RELEASE.jar;C:\Program Files\NetBeans 8.2\java\modules\ext\spring-4\spring-messaging-4.0.1.RELEASE.jar;C:\Program Files\NetBeans 8.2\java\modules\ext\spring-4\spring-orm-4.0.1.RELEASE.jar;C:\Program Files\NetBeans 8.2\java\modules\ext\spring-4\spring-oxm-4.0.1.RELEASE.jar;C:\Program Files\NetBeans 8.2\java\modules\ext\spring-4\spring-test-4.0.1.RELEASE.jar;C:\Program Files\NetBeans 8.2\java\modules\ext\spring-4\spring-tx-4.0.1.RELEASE.jar;C:\Program Files\NetBeans 8.2\java\modules\ext\spring-4\spring-web-4.0.1.RELEASE.jar;C:\Program Files\NetBeans 8.2\java\modules\ext\spring-4\spring-webmvc-4.0.1.RELEASE.jar;C:\Program Files\NetBeans 8.2\java\modules\ext\spring-4\spring-webmvc-portlet-4.0.1.RELEASE.jar;C:\Program Files\NetBeans 8.2\java\modules\ext\spring-4\spring-websocket-4.0.1.RELEASE.jar" />
    <property name="do.debug.server" value="true" />
    <property name="debug-transport" value="dt_shmem" />
    <property name="netbeans.home" value="C:\Program Files\NetBeans 8.2\platform" />
    <property name="build.compiler.emacs" value="true" />
    <property name="libs.javaee-web-api-6.0.src" value="" />
    <property name="libs.jsp-compilation-syscp.classpath" value="C:\Program Files\NetBeans 8.2\extide\ant\lib\ant.jar;C:\Program Files\NetBeans 8.2\enterprise\modules\ext\servlet3.1-jsp2.3-api.jar;C:\Program Files\NetBeans 8.2\enterprise\modules\ext\glassfish-jspparser-4.0.jar;C:\Program Files\NetBeans 8.2\enterprise\modules\ext\jstl-impl.jar;C:\Program Files\NetBeans 8.2\enterprise\modules\ext\jsf-2_2\javax.faces.jar" />
    <property name="java.endorsed.dirs" value="C:\Program Files\Java\jdk1.8.0_311\jre\lib\endorsed" />
    <property name="libs.Comet-GlassFish-v3.maven-pom" value="" />
    <property name="libs.groovy-all.src" value="" />
    <property name="&gt;&gt;&gt;&gt;&gt;&gt;&gt;" value="0133cddcfcfc56632cfb87098856897867fc7cf8" />
    <property name="netbeans.dynamic.classpath" value="C:\Users\Sukhs\AppData\Roaming\NetBeans\8.2\core\org-openide-filesystems.jar;C:\Users\Sukhs\AppData\Roaming\NetBeans\8.2\core\locale\org-openide-filesystems_ja.jar;C:\Users\Sukhs\AppData\Roaming\NetBeans\8.2\core\locale\org-openide-filesystems_pt_BR.jar;C:\Users\Sukhs\AppData\Roaming\NetBeans\8.2\core\locale\org-openide-filesystems_ru.jar;C:\Users\Sukhs\AppData\Roaming\NetBeans\8.2\core\locale\org-openide-filesystems_zh_CN.jar;C:\Program Files\NetBeans 8.2\platform\core\asm-all-5.0.1.jar;C:\Program Files\NetBeans 8.2\platform\core\core-base.jar;C:\Program Files\NetBeans 8.2\platform\core\core.jar;C:\Program Files\NetBeans 8.2\platform\core\org-netbeans-libs-asm.jar;C:\Program Files\NetBeans 8.2\platform\core\org-openide-filesystems-compat8.jar;C:\Program Files\NetBeans 8.2\platform\core\locale\core-base_ja.jar;C:\Program Files\NetBeans 8.2\platform\core\locale\core-base_pt_BR.jar;C:\Program Files\NetBeans 8.2\platform\core\locale\core-base_ru.jar;C:\Program Files\NetBeans 8.2\platform\core\locale\core-base_zh_CN.jar;C:\Program Files\NetBeans 8.2\platform\core\locale\core_ja.jar;C:\Program Files\NetBeans 8.2\platform\core\locale\core_pt_BR.jar;C:\Program Files\NetBeans 8.2\platform\core\locale\core_ru.jar;C:\Program Files\NetBeans 8.2\platform\core\locale\core_zh_CN.jar;C:\Program Files\NetBeans 8.2\platform\core\locale\org-netbeans-libs-asm_ja.jar;C:\Program Files\NetBeans 8.2\platform\core\locale\org-netbeans-libs-asm_pt_BR.jar;C:\Program Files\NetBeans 8.2\platform\core\locale\org-netbeans-libs-asm_ru.jar;C:\Program Files\NetBeans 8.2\platform\core\locale\org-netbeans-libs-asm_zh_CN.jar;C:\Program Files\NetBeans 8.2\platform\core\locale\org-openide-filesystems-compat8_ja.jar;C:\Program Files\NetBeans 8.2\platform\core\locale\org-openide-filesystems-compat8_pt_BR.jar;C:\Program Files\NetBeans 8.2\platform\core\locale\org-openide-filesystems-compat8_ru.jar;C:\Program Files\NetBeans 8.2\platform\core\locale\org-openide-filesystems-compat8_zh_CN.jar;C:\Program Files\NetBeans 8.2\nb\core\org-netbeans-upgrader.jar;C:\Program Files\NetBeans 8.2\nb\core\locale\core_nb.jar;C:\Program Files\NetBeans 8.2\nb\core\locale\core_nb_ja.jar;C:\Program Files\NetBeans 8.2\nb\core\locale\core_nb_pt_BR.jar;C:\Program Files\NetBeans 8.2\nb\core\locale\core_nb_ru.jar;C:\Program Files\NetBeans 8.2\nb\core\locale\core_nb_zh_CN.jar;C:\Program Files\NetBeans 8.2\nb\core\locale\org-netbeans-upgrader_ja.jar;C:\Program Files\NetBeans 8.2\nb\core\locale\org-netbeans-upgrader_pt_BR.jar;C:\Program Files\NetBeans 8.2\nb\core\locale\org-netbeans-upgrader_ru.jar;C:\Program Files\NetBeans 8.2\nb\core\locale\org-netbeans-upgrader_zh_CN.jar" />
    <property name="java.vm.specification.version" value="1.8" />
    <property name="libs.hibernate4-support.src" value="" />
    <property name="libs.primefaces.classpath" value="C:\Program Files\NetBeans 8.2\enterprise\modules\ext\primefaces\primefaces-5.0.jar" />
    <property name="libs.javaee-api-6.0.classpath" value="C:\Program Files\NetBeans 8.2\enterprise\modules\ext\javaee-api-6.0.jar" />
    <property name="libs.groovy-all.maven-pom" value="" />
    <property name="netbeans.productversion" value="NetBeans IDE 8.2 (Build 201705191307)" />
    <property name="libs.jaxws21.src" value="" />
    <property name="do.war.package.with.custom.manifest" value="true" />
    <property name="netbeans.autoupdate.language" value="en" />
    <property name="libs.MySQLDriver.displayName" value="MySQL JDBC Driver" />
    <property name="java.vendor" value="Oracle Corporation" />
    <property name="libs.javaee-api-6.0.javadoc" value="C:\Program Files\NetBeans 8.2\enterprise\docs\javaee-doc-api.jar" />
    <property name="libs.MySQLDriver.prop-maven-dependencies" value="mysql:mysql-connector-java:5.1.23:jar" />
    <property name="javac.debug" value="true" />
    <property name="javadoc.splitindex" value="true" />
    <property name="file.separator" value="\" />
    <property name="libs.Java-EE-GlassFish-v3-Prelude.maven-pom" value="" />
    <property name="libs.junit_4.maven-pom" value="" />
    <property name="resource.dir" value="setup" />
    <property name="javac.test.processorpath" value="G:/Rafi/CCIT/Project-6/Project-6-Testing/lib/hibernate4-support/antlr-2.7.7.jar;G:/Rafi/CCIT/Project-6/Project-6-Testing/lib/hibernate4-support/c3p0-0.9.2.1.jar;G:/Rafi/CCIT/Project-6/Project-6-Testing/lib/hibernate4-support/hibernate-c3p0-4.3.1.Final.jar;G:/Rafi/CCIT/Project-6/Project-6-Testing/lib/hibernate4-support/mchange-commons-java-0.2.3.4.jar;G:/Rafi/CCIT/Project-6/Project-6-Testing/lib/hibernate4-support/dom4j-1.6.1.jar;G:/Rafi/CCIT/Project-6/Project-6-Testing/lib/hibernate4-support/ehcache-core-2.4.3.jar;G:/Rafi/CCIT/Project-6/Project-6-Testing/lib/hibernate4-support/hibernate-ehcache-4.3.1.Final.jar;G:/Rafi/CCIT/Project-6/Project-6-Testing/lib/hibernate4-support/hibernate-core-4.3.1.Final.jar;G:/Rafi/CCIT/Project-6/Project-6-Testing/lib/hibernate4-support/jboss-logging-3.1.3.GA.jar;G:/Rafi/CCIT/Project-6/Project-6-Testing/lib/hibernate4-support/hibernate-commons-annotations-4.0.4.Final.jar;G:/Rafi/CCIT/Project-6/Project-6-Testing/lib/hibernate4-support/hibernate-entitymanager-4.3.1.Final.jar;G:/Rafi/CCIT/Project-6/Project-6-Testing/lib/hibernate4-support/javassist-3.18.1-GA.jar;G:/Rafi/CCIT/Project-6/Project-6-Testing/lib/hibernate4-support/jboss-transaction-api_1.2_spec-1.0.0.Final.jar;G:/Rafi/CCIT/Project-6/Project-6-Testing/lib/hibernate4-support/slf4j-api-1.6.1.jar;G:/Rafi/CCIT/Project-6/Project-6-Testing/lib/hibernate4-support/slf4j-simple-1.6.1.jar:&lt;&lt;&lt;&lt;&lt;&lt;&lt; HEAD:G:/Rafi/CCIT/Project-6/Project-6-Testing/lib/MySQLDriver/mysql-connector-java-5.1.23-bin.jar:lib\BootsFaces-OSP-1.4.2.jar:build/web/WEB-INF/classes:G:/Rafi/CCIT/Project-6/Project-6-Testing/lib/junit_4/junit-4.12.jar:G:/Rafi/CCIT/Project-6/Project-6-Testing/lib/hamcrest/hamcrest-core-1.3.jar" />
    <property name="netbeans.buildnumber" value="201705191307" />
    <property name="libs.JWSAntTasks.javadoc" value="" />
    <property name="build.generated.sources.dir" value="build/generated-sources" />
    <property name="user.variant" value="" />
    <property name="libs.eclipselinkmodelgen.classpath" value="C:\Program Files\NetBeans 8.2\java\modules\ext\eclipselink\org.eclipse.persistence.jpa.modelgen_2.5.2.v20140319-9ad6abd.jar" />
    <property name="libs.javaee-endorsed-api-7.0.src" value="" />
    <property name="sun.java.launcher" value="SUN_STANDARD" />
    <property name="libs.hibernate4-persistencemodelgen.javadoc" value="" />
    <property name="libs.jaxb.javadoc" value="C:\Program Files\NetBeans 8.2\ide\docs\jaxb-api-doc.zip" />
    <property name="libs.struts.classpath" value="C:\Program Files\NetBeans 8.2\enterprise\modules\ext\struts\antlr-2.7.2.jar;C:\Program Files\NetBeans 8.2\enterprise\modules\ext\struts\bsf-2.3.0.jar;C:\Program Files\NetBeans 8.2\enterprise\modules\ext\struts\commons-beanutils-1.8.0.jar;C:\Program Files\NetBeans 8.2\enterprise\modules\ext\struts\commons-chain-1.2.jar;C:\Program Files\NetBeans 8.2\enterprise\modules\ext\struts\commons-digester-1.8.jar;C:\Program Files\NetBeans 8.2\enterprise\modules\ext\struts\commons-fileupload-1.1.1.jar;C:\Program Files\NetBeans 8.2\enterprise\modules\ext\struts\commons-io-1.1.jar;C:\Program Files\NetBeans 8.2\enterprise\modules\ext\struts\commons-logging-1.0.4.jar;C:\Program Files\NetBeans 8.2\enterprise\modules\ext\struts\commons-validator-1.3.1.jar;C:\Program Files\NetBeans 8.2\enterprise\modules\ext\struts\jstl-1.0.2.jar;C:\Program Files\NetBeans 8.2\enterprise\modules\ext\struts\oro-2.0.8.jar;C:\Program Files\NetBeans 8.2\enterprise\modules\ext\struts\standard-1.0.6.jar;C:\Program Files\NetBeans 8.2\enterprise\modules\ext\struts\struts-core-1.3.10.jar;C:\Program Files\NetBeans 8.2\enterprise\modules\ext\struts\struts-el-1.3.10.jar;C:\Program Files\NetBeans 8.2\enterprise\modules\ext\struts\struts-extras-1.3.10.jar;C:\Program Files\NetBeans 8.2\enterprise\modules\ext\struts\struts-faces-1.3.10.jar;C:\Program Files\NetBeans 8.2\enterprise\modules\ext\struts\struts-mailreader-dao-1.3.10.jar;C:\Program Files\NetBeans 8.2\enterprise\modules\ext\struts\struts-scripting-1.3.10.jar;C:\Program Files\NetBeans 8.2\enterprise\modules\ext\struts\struts-taglib-1.3.10.jar;C:\Program Files\NetBeans 8.2\enterprise\modules\ext\struts\struts-tiles-1.3.10.jar" />
    <property name="application.args.param" value="" />
    <property name="ant.home" value="C:\Program Files\NetBeans 8.2\extide\ant" />
    <property name="libs.junit_4.src" value="G:/Rafi/CCIT/Project-6/Project-6-Testing/lib/junit_4/junit-4.12-sources.jar" />
    <property name="libs.testng.classpath" value="C:\Program Files\NetBeans 8.2\platform\modules\ext\testng-6.8.1-dist.jar" />
    <property name="conf.dir" value="src/conf" />
    <property name="webinf.dir" value="web/WEB-INF" />
    <property name="libs.absolutelayout.maven-pom" value="" />
    <property name="ant.java.version" value="1.8" />
    <property name="java.library.path" value="C:\Program Files\Java\jdk1.8.0_311\jre\bin;C:\WINDOWS\Sun\Java\bin;C:\WINDOWS\system32;C:\WINDOWS;C:\Program Files (x86)\Common Files\Oracle\Java\javapath;C:\Windows\system32;C:\Windows;C:\Windows\System32\Wbem;C:\Windows\System32\WindowsPowerShell\v1.0\;C:\Windows\System32\OpenSSH\;C:\Program Files (x86)\NVIDIA Corporation\PhysX\Common;C:\Program Files\NVIDIA Corporation\NVIDIA NvDLISR;C:\Program Files\dotnet\;C:\Program Files\Microsoft SQL Server\120\Tools\Binn\;C:\Program Files (x86)\Windows Live\Shared;C:\WINDOWS\system32;C:\WINDOWS;C:\WINDOWS\System32\Wbem;C:\WINDOWS\System32\WindowsPowerShell\v1.0\;C:\WINDOWS\System32\OpenSSH\;C:\Program Files\Git\cmd;C:\xampp\php;C:\ProgramData\ComposerSetup\bin;C:\Program Files\nodejs\;G:\Rafi\Python\Scripts\;G:\Rafi\Python\;C:\Users\Sukhs\AppData\Local\Programs\Python\Python38\Scripts\;C:\Users\Sukhs\AppData\Local\Programs\Python\Python38\;C:\Users\Sukhs\AppData\Local\Microsoft\WindowsApps;C:\Program Files\JetBrains\PyCharm Community Edition 2020.1.3\bin;;;G:\Rafi\PyCharm\PyCharm Edu 2020.3.3\bin;;C:\Program Files\heroku\bin;C:\Users\Sukhs\AppData\Local\Programs\Microsoft VS Code\bin;C:\Users\Sukhs\AppData\Roaming\Composer\vendor\bin;C:\Users\Sukhs\AppData\Roaming\npm;." />
    <property name="javadoc.author" value="false" />
    <property name="libs.metro.maven-pom" value="" />
    <property name="libs.EclipseLink-GlassFish-v3.src" value="" />
    <property name="java.util.logging.config.class" value="org.netbeans.core.startup.TopLogging" />
    <property name="libs.spring-framework400.src" value="" />
    <property name="libs.PostgreSQLDriver.src" value="" />
    <property name="sun.arch.data.model" value="64" />
    <property name="basedir" value="G:\Rafi\CCIT\Project-6\Project-6-Testing" />
    <property name="libs.jpa20-persistence.maven-pom" value="" />
    <property name="jar.compress" value="false" />
    <property name="file.reference.BootsFaces-OSP-1.4.2.jar" value="lib\BootsFaces-OSP-1.4.2.jar" />
    <property name="libs.javaee-web-api-7.0.classpath" value="C:\Program Files\NetBeans 8.2\enterprise\modules\ext\javaee-web-api-7.0.jar" />
    <property name="path.separator" value=";" />
    <property name="dist.war" value="dist/G2AirlineHibernate.war" />
    <property name="libs.javaee-web-api-6.0.javadoc" value="C:\Program Files\NetBeans 8.2\enterprise\docs\javaee-doc-api.jar" />
    <property name="ant.junit.enabletestlistenerevents" value="true" />
    <property name="libs.junit_4.prop-maven-dependencies" value="junit:junit:4.12:jar" />
    <property name="sun.io.unicode.encoding" value="UnicodeLittle" />
    <property name="libs.jaxws21.classpath" value="C:\Program Files\NetBeans 8.2\ide\modules\ext\jaxb\jaxb-impl.jar;C:\Program Files\NetBeans 8.2\ide\modules\ext\jaxb\jaxb-xjc.jar;C:\Program Files\NetBeans 8.2\java\modules\ext\jaxws22\FastInfoset.jar;C:\Program Files\NetBeans 8.2\java\modules\ext\jaxws22\gmbal-api-only.jar;C:\Program Files\NetBeans 8.2\java\modules\ext\jaxws22\ha-api.jar;C:\Program Files\NetBeans 8.2\java\modules\ext\jaxws22\javax.mail_1.4.jar;C:\Program Files\NetBeans 8.2\java\modules\ext\jaxws22\jaxws-rt.jar;C:\Program Files\NetBeans 8.2\java\modules\ext\jaxws22\jaxws-tools.jar;C:\Program Files\NetBeans 8.2\java\modules\ext\jaxws22\management-api.jar;C:\Program Files\NetBeans 8.2\java\modules\ext\jaxws22\mimepull.jar;C:\Program Files\NetBeans 8.2\java\modules\ext\jaxws22\policy.jar;C:\Program Files\NetBeans 8.2\java\modules\ext\jaxws22\saaj-impl.jar;C:\Program Files\NetBeans 8.2\java\modules\ext\jaxws22\stax-ex.jar;C:\Program Files\NetBeans 8.2\java\modules\ext\jaxws22\stax2-api.jar;C:\Program Files\NetBeans 8.2\java\modules\ext\jaxws22\streambuffer.jar;C:\Program Files\NetBeans 8.2\java\modules\ext\jaxws22\woodstox-core-asl.jar;C:\Program Files\NetBeans 8.2\java\modules\ext\jaxws22\api\jaxws-api.jar;C:\Program Files\NetBeans 8.2\java\modules\ext\jaxws22\api\jsr181-api.jar;C:\Program Files\NetBeans 8.2\java\modules\ext\jaxws22\api\javax.annotation.jar;C:\Program Files\NetBeans 8.2\java\modules\ext\jaxws22\api\saaj-api.jar;C:\Program Files\NetBeans 8.2\ide\modules\ext\jaxb\activation.jar;C:\Program Files\NetBeans 8.2\ide\modules\ext\jaxb\api\jaxb-api.jar;C:\Program Files\NetBeans 8.2\ide\modules\ext\jaxb\api\jsr173_1.0_api.jar" />
    <property name="libs.struts.src" value="" />
    <property name="apple.awt.graphics.UseQuartz" value="true" />
    <property name="user.language" value="en" />
    <property name="libs.hamcrest.displayName" value="Hamcrest 1.3" />
    <property name="j2ee.platform.classpath" value="C:/Program Files/glassfish-4.1.1/glassfish/modules/endorsed/javax.annotation-api.jar:C:/Program Files/glassfish-4.1.1/glassfish/modules/endorsed/jaxb-api.jar:C:/Program Files/glassfish-4.1.1/glassfish/modules/endorsed/webservices-api-osgi.jar:C:/Program Files/glassfish-4.1.1/glassfish/modules/bean-validator.jar:C:/Program Files/glassfish-4.1.1/glassfish/modules/cdi-api.jar:C:/Program Files/glassfish-4.1.1/glassfish/modules/javax.batch-api.jar:C:/Program Files/glassfish-4.1.1/glassfish/modules/javax.ejb-api.jar:C:/Program Files/glassfish-4.1.1/glassfish/modules/javax.el.jar:C:/Program Files/glassfish-4.1.1/glassfish/modules/javax.enterprise.concurrent-api.jar:C:/Program Files/glassfish-4.1.1/glassfish/modules/javax.enterprise.concurrent.jar:C:/Program Files/glassfish-4.1.1/glassfish/modules/javax.enterprise.deploy-api.jar:C:/Program Files/glassfish-4.1.1/glassfish/modules/javax.faces.jar:C:/Program Files/glassfish-4.1.1/glassfish/modules/javax.inject.jar:C:/Program Files/glassfish-4.1.1/glassfish/modules/javax.interceptor-api.jar:C:/Program Files/glassfish-4.1.1/glassfish/modules/javax.jms-api.jar:C:/Program Files/glassfish-4.1.1/glassfish/modules/javax.json.jar:C:/Program Files/glassfish-4.1.1/glassfish/modules/javax.mail.jar:C:/Program Files/glassfish-4.1.1/glassfish/modules/javax.management.j2ee-api.jar:C:/Program Files/glassfish-4.1.1/glassfish/modules/javax.persistence.jar:C:/Program Files/glassfish-4.1.1/glassfish/modules/javax.resource-api.jar:C:/Program Files/glassfish-4.1.1/glassfish/modules/javax.security.auth.message-api.jar:C:/Program Files/glassfish-4.1.1/glassfish/modules/javax.security.jacc-api.jar:C:/Program Files/glassfish-4.1.1/glassfish/modules/javax.servlet-api.jar:C:/Program Files/glassfish-4.1.1/glassfish/modules/javax.servlet.jsp-api.jar:C:/Program Files/glassfish-4.1.1/glassfish/modules/javax.servlet.jsp.jar:C:/Program Files/glassfish-4.1.1/glassfish/modules/javax.servlet.jsp.jstl-api.jar:C:/Program Files/glassfish-4.1.1/glassfish/modules/javax.servlet.jsp.jstl.jar:C:/Program Files/glassfish-4.1.1/glassfish/modules/javax.transaction-api.jar:C:/Program Files/glassfish-4.1.1/glassfish/modules/javax.websocket-api.jar:C:/Program Files/glassfish-4.1.1/glassfish/modules/javax.ws.rs-api.jar:C:/Program Files/glassfish-4.1.1/glassfish/modules/javax.xml.registry-api.jar:C:/Program Files/glassfish-4.1.1/glassfish/modules/javax.xml.rpc-api.jar:C:/Program Files/glassfish-4.1.1/glassfish/modules/jaxb-osgi.jar:C:/Program Files/glassfish-4.1.1/glassfish/modules/webservices-osgi.jar:C:/Program Files/glassfish-4.1.1/glassfish/modules/weld-osgi-bundle.jar:C:/Program Files/glassfish-4.1.1/mq/lib/jaxm-api.jar" />
    <property name="testng.mode" value="testng" />
    <property name="libs.JAXB-ENDORSED.maven-pom" value="" />
    <property name="libs.eclipselink.maven-pom" value="" />
    <property name="build.meta.inf.dir" value="build/web/META-INF" />
    <property name="persistence.xml.dir" value="src/conf" />
    <property name="test.binaryincludes" value="&lt;nothing&gt;" />
    <property name="libs.primefaces.javadoc" value="" />
    <property name="libs.spring-framework300.maven-pom" value="" />
    <property name="run.test.classpath" value="G:/Rafi/CCIT/Project-6/Project-6-Testing/lib/hibernate4-support/antlr-2.7.7.jar;G:/Rafi/CCIT/Project-6/Project-6-Testing/lib/hibernate4-support/c3p0-0.9.2.1.jar;G:/Rafi/CCIT/Project-6/Project-6-Testing/lib/hibernate4-support/hibernate-c3p0-4.3.1.Final.jar;G:/Rafi/CCIT/Project-6/Project-6-Testing/lib/hibernate4-support/mchange-commons-java-0.2.3.4.jar;G:/Rafi/CCIT/Project-6/Project-6-Testing/lib/hibernate4-support/dom4j-1.6.1.jar;G:/Rafi/CCIT/Project-6/Project-6-Testing/lib/hibernate4-support/ehcache-core-2.4.3.jar;G:/Rafi/CCIT/Project-6/Project-6-Testing/lib/hibernate4-support/hibernate-ehcache-4.3.1.Final.jar;G:/Rafi/CCIT/Project-6/Project-6-Testing/lib/hibernate4-support/hibernate-core-4.3.1.Final.jar;G:/Rafi/CCIT/Project-6/Project-6-Testing/lib/hibernate4-support/jboss-logging-3.1.3.GA.jar;G:/Rafi/CCIT/Project-6/Project-6-Testing/lib/hibernate4-support/hibernate-commons-annotations-4.0.4.Final.jar;G:/Rafi/CCIT/Project-6/Project-6-Testing/lib/hibernate4-support/hibernate-entitymanager-4.3.1.Final.jar;G:/Rafi/CCIT/Project-6/Project-6-Testing/lib/hibernate4-support/javassist-3.18.1-GA.jar;G:/Rafi/CCIT/Project-6/Project-6-Testing/lib/hibernate4-support/jboss-transaction-api_1.2_spec-1.0.0.Final.jar;G:/Rafi/CCIT/Project-6/Project-6-Testing/lib/hibernate4-support/slf4j-api-1.6.1.jar;G:/Rafi/CCIT/Project-6/Project-6-Testing/lib/hibernate4-support/slf4j-simple-1.6.1.jar:&lt;&lt;&lt;&lt;&lt;&lt;&lt; HEAD:G:/Rafi/CCIT/Project-6/Project-6-Testing/lib/MySQLDriver/mysql-connector-java-5.1.23-bin.jar:lib\BootsFaces-OSP-1.4.2.jar:build/web/WEB-INF/classes:G:/Rafi/CCIT/Project-6/Project-6-Testing/lib/junit_4/junit-4.12.jar:G:/Rafi/CCIT/Project-6/Project-6-Testing/lib/hamcrest/hamcrest-core-1.3.jar:build/test/classes" />
    <property name="ant.project.invoked-targets" value="test" />
    <property name="test.binaryexcludes" value="" />
    <property name="libs.swing-layout.javadoc" value="C:\Program Files\NetBeans 8.2\platform\docs\swing-layout-1.0.4-doc.zip" />
    <property name="sun.java2d.dpiaware" value="true" />
    <property name="libs.hibernate4-support.prop-maven-dependencies" value="&#xa;                org.hibernate:hibernate-entitymanager:4.3.1.Final:jar&#xa;            " />
    <property name="libs.hibernate4-persistence.maven-pom" value="" />
    <property name="jspc.schemas" value="/resources/schemas/" />
    <property name="libs.DataBindingME-SVG.classpath" value="C:\Program Files\NetBeans 8.2\mobility\modules\ext\netbeans_databindingme_svg.jar" />
    <property name="https.nonProxyHosts" value="localhost*|127.0.0.1*|DESKTOP-34IR1DF*|localhost|127.0.0.1|DESKTOP-34IR1DF|*.netbeans.org" />
    <property name="libs.PostgreSQLDriver.maven-pom" value="" />
    <property name="libs.hibernate4-support.displayName" value="Hibernate 4.3.x" />
    <property name="java.class.version" value="52.0" />
    <property name="libs.JAVADB_DRIVER_LABEL.classpath" value="C:\Program Files\glassfish-4.1.1\javadb\lib\derby.jar;C:\Program Files\glassfish-4.1.1\javadb\lib\derbyclient.jar;C:\Program Files\glassfish-4.1.1\javadb\lib\derbynet.jar" />
    <property name="libs.hibernate4-persistencemodelgen.maven-pom" value="" />
    <property name="libs.javaee-endorsed-api-6.0.src" value="" />
    <property name="libs.eclipselink.javadoc" value="C:\Program Files\NetBeans 8.2\java\modules\ext\docs\javax.persistence-2.1.0-doc.zip" />
    <property name="libs.jsp-compilation.maven-pom" value="" />
    <property name="user.properties.file" value="C:\Users\Sukhs\AppData\Roaming\NetBeans\8.2\build.properties" />
    <property name="build.web.dir" value="build/web" />
    <property name="libs.javac-api.maven-pom" value="" />
    <property name="file.encoding.pkg" value="sun.io" />
    <property name="sun.cpu.endian" value="little" />
    <property name="libs.JAXB-ENDORSED.javadoc" value="" />
    <property name="j2ee.server.middleware" value="C:/Program Files/glassfish-4.1.1" />
    <property name="libs.JWSAntTasks.classpath" value="C:\Program Files\NetBeans 8.2\java\ant\extra\org-netbeans-modules-javawebstart-anttasks.jar" />
    <property name="libs.spring-webmvc4.0.maven-pom" value="" />
    <property name="libs.spring-framework300.src" value="" />
    <property name="auxiliary.org-netbeans-modules-projectapi.jsf_2e_language" value="Facelets" />
    <property name="libs.jstl.src" value="" />
    <property name="empty.dir" value="G:\Rafi\CCIT\Project-6\Project-6-Testing\build\empty" />
    <property name="display.browser" value="true" />
    <property name="&lt;&lt;&lt;&lt;&lt;&lt;&lt;" value="HEAD" />
    <property name="${libs.MySQLDriver.classpath}" value="&gt;&gt;&gt;&gt;&gt;&gt;&gt; bf1c5b6c315759aa403e631d26e3cb28abfc5eba" />
    <property name="version-output" value="java version &quot;1.8" />
    <property name="test.binarytestincludes" value="" />
    <property name="libs.hibernate4-persistencemodelgen.src" value="" />
    <property name="javadoc.preview" value="true" />
    <property name="libs.jpa20-persistence.javadoc" value="C:\Program Files\NetBeans 8.2\java\modules\ext\docs\javax.persistence-2.1.0-doc.zip" />
    <property name="java.home" value="C:\Program Files\Java\jdk1.8.0_311\jre" />
    <property name="libs.jsp-compilation.src" value="" />
    <property name="debug.test.classpath" value="G:/Rafi/CCIT/Project-6/Project-6-Testing/lib/hibernate4-support/antlr-2.7.7.jar;G:/Rafi/CCIT/Project-6/Project-6-Testing/lib/hibernate4-support/c3p0-0.9.2.1.jar;G:/Rafi/CCIT/Project-6/Project-6-Testing/lib/hibernate4-support/hibernate-c3p0-4.3.1.Final.jar;G:/Rafi/CCIT/Project-6/Project-6-Testing/lib/hibernate4-support/mchange-commons-java-0.2.3.4.jar;G:/Rafi/CCIT/Project-6/Project-6-Testing/lib/hibernate4-support/dom4j-1.6.1.jar;G:/Rafi/CCIT/Project-6/Project-6-Testing/lib/hibernate4-support/ehcache-core-2.4.3.jar;G:/Rafi/CCIT/Project-6/Project-6-Testing/lib/hibernate4-support/hibernate-ehcache-4.3.1.Final.jar;G:/Rafi/CCIT/Project-6/Project-6-Testing/lib/hibernate4-support/hibernate-core-4.3.1.Final.jar;G:/Rafi/CCIT/Project-6/Project-6-Testing/lib/hibernate4-support/jboss-logging-3.1.3.GA.jar;G:/Rafi/CCIT/Project-6/Project-6-Testing/lib/hibernate4-support/hibernate-commons-annotations-4.0.4.Final.jar;G:/Rafi/CCIT/Project-6/Project-6-Testing/lib/hibernate4-support/hibernate-entitymanager-4.3.1.Final.jar;G:/Rafi/CCIT/Project-6/Project-6-Testing/lib/hibernate4-support/javassist-3.18.1-GA.jar;G:/Rafi/CCIT/Project-6/Project-6-Testing/lib/hibernate4-support/jboss-transaction-api_1.2_spec-1.0.0.Final.jar;G:/Rafi/CCIT/Project-6/Project-6-Testing/lib/hibernate4-support/slf4j-api-1.6.1.jar;G:/Rafi/CCIT/Project-6/Project-6-Testing/lib/hibernate4-support/slf4j-simple-1.6.1.jar:&lt;&lt;&lt;&lt;&lt;&lt;&lt; HEAD:G:/Rafi/CCIT/Project-6/Project-6-Testing/lib/MySQLDriver/mysql-connector-java-5.1.23-bin.jar:lib\BootsFaces-OSP-1.4.2.jar:build/web/WEB-INF/classes:G:/Rafi/CCIT/Project-6/Project-6-Testing/lib/junit_4/junit-4.12.jar:G:/Rafi/CCIT/Project-6/Project-6-Testing/lib/hamcrest/hamcrest-core-1.3.jar:build/test/classes" />
    <property name="libs.javaee-endorsed-api-6.0.classpath" value="C:\Program Files\NetBeans 8.2\enterprise\modules\ext\javaee6-endorsed\javax.annotation.jar;C:\Program Files\NetBeans 8.2\enterprise\modules\ext\javaee6-endorsed\jaxb-api-osgi.jar;C:\Program Files\NetBeans 8.2\enterprise\modules\ext\javaee6-endorsed\webservices-api-osgi.jar" />
    <property name="libs.javaee-api-6.0.src" value="" />
    <property name="netbeans.importclass" value="org.netbeans.upgrade.AutoUpgrade" />
    <property name="ant.project.default-target" value="default" />
    <property name="annotation.processing.run.all.processors" value="true" />
    <property name="libs.DataBindingME.maven-pom" value="" />
    <property name="libs.PostgreSQLDriver.javadoc" value="" />
    <property name="libs.restlib.classpath" value="C:\Program Files\NetBeans 8.2\enterprise\modules\ext\jersey2\ext\asm-all-repackaged-2.2.0-b21.jar;C:\Program Files\NetBeans 8.2\enterprise\modules\ext\jersey2\ext\cglib-2.2.0-b21.jar;C:\Program Files\NetBeans 8.2\enterprise\modules\ext\jersey2\ext\guava-14.0.1.jar;C:\Program Files\NetBeans 8.2\enterprise\modules\ext\jersey2\ext\hk2-api-2.2.0-b21.jar;C:\Program Files\NetBeans 8.2\enterprise\modules\ext\jersey2\ext\hk2-locator-2.2.0-b21.jar;C:\Program Files\NetBeans 8.2\enterprise\modules\ext\jersey2\ext\hk2-utils-2.2.0-b21.jar;C:\Program Files\NetBeans 8.2\enterprise\modules\ext\jersey2\ext\javax.annotation-api-1.2.jar;C:\Program Files\NetBeans 8.2\enterprise\modules\ext\jersey2\ext\javax.inject-2.2.0-b21.jar;C:\Program Files\NetBeans 8.2\enterprise\modules\ext\jersey2\ext\javax.servlet-api-3.0.1.jar;C:\Program Files\NetBeans 8.2\enterprise\modules\ext\jersey2\ext\jaxb-api-2.2.7.jar;C:\Program Files\NetBeans 8.2\enterprise\modules\ext\jersey2\ext\jersey-entity-filtering-2.5.1.jar;C:\Program Files\NetBeans 8.2\enterprise\modules\ext\jersey2\ext\jersey-media-moxy-2.5.1.jar;C:\Program Files\NetBeans 8.2\enterprise\modules\ext\jersey2\ext\org.osgi.core-4.2.0.jar;C:\Program Files\NetBeans 8.2\enterprise\modules\ext\jersey2\ext\osgi-resource-locator-1.0.1.jar;C:\Program Files\NetBeans 8.2\enterprise\modules\ext\jersey2\ext\persistence-api-1.0.jar;C:\Program Files\NetBeans 8.2\enterprise\modules\ext\jersey2\ext\validation-api-1.1.0.Final.jar;C:\Program Files\NetBeans 8.2\enterprise\modules\ext\jersey2\jersey-client.jar;C:\Program Files\NetBeans 8.2\enterprise\modules\ext\jersey2\jersey-common.jar;C:\Program Files\NetBeans 8.2\enterprise\modules\ext\jersey2\jersey-container-servlet.jar;C:\Program Files\NetBeans 8.2\enterprise\modules\ext\jersey2\jersey-container-servlet-core.jar;C:\Program Files\NetBeans 8.2\enterprise\modules\ext\jersey2\jersey-server.jar;C:\Program Files\NetBeans 8.2\java\modules\ext\eclipselink\eclipselink.jar" />
    <property name="libs.MySQLDriver.maven-pom" value="" />
    <property name="j2ee.platform.wsgen.classpath" value="C:/Program Files/glassfish-4.1.1/glassfish/modules/webservices-osgi.jar:C:/Program Files/glassfish-4.1.1/glassfish/modules/endorsed/webservices-api-osgi.jar:C:/Program Files/glassfish-4.1.1/glassfish/modules/jaxb-osgi.jar:C:/Program Files/glassfish-4.1.1/glassfish/modules/endorsed/jaxb-api.jar" />
    <property name="libraries.dir.nativedirsep" value="G:\Rafi\CCIT\Project-6\Project-6-Testing\lib" />
    <property name="libs.hibernate4-persistence.javadoc" value="C:\Program Files\NetBeans 8.2\java\modules\ext\docs\javax.persistence-2.1.0-doc.zip" />
    <property name="http.nonProxyHosts" value="localhost*|127.0.0.1*|DESKTOP-34IR1DF*|localhost|127.0.0.1|DESKTOP-34IR1DF|*.netbeans.org" />
    <property name="libs.junit_4.javadoc" value="G:/Rafi/CCIT/Project-6/Project-6-Testing/lib/junit_4/junit-4.12-javadoc.jar" />
    <property name="libs.EclipseLink-GlassFish-v3.maven-pom" value="" />
    <property name="libs.javaee-web-api-6.0.maven-pom" value="" />
    <property name="j2ee.deploy.on.save" value="true" />
    <property name="jna.boot.library.name" value="jnidispatch-422" />
    <property name="libs.javaee-endorsed-api-6.0.javadoc" value="C:\Program Files\NetBeans 8.2\enterprise\docs\javaee-doc-api.jar" />
    <property name="libs.javaee-api-7.0.classpath" value="C:\Program Files\NetBeans 8.2\enterprise\modules\ext\javaee-api-7.0.jar" />
    <property name="sun.awt.datatransfer.timeout" value="1000" />
    <property name="libs.spring-webmvc3.0.javadoc" value="" />
    <property name="libs.jpa2-persistence.maven-pom" value="" />
    <property name="annotation.processing.enabled.in.editor" value="true" />
    <property name="libs.hibernate4-support.classpath" value="G:/Rafi/CCIT/Project-6/Project-6-Testing/lib/hibernate4-support/antlr-2.7.7.jar;G:/Rafi/CCIT/Project-6/Project-6-Testing/lib/hibernate4-support/c3p0-0.9.2.1.jar;G:/Rafi/CCIT/Project-6/Project-6-Testing/lib/hibernate4-support/hibernate-c3p0-4.3.1.Final.jar;G:/Rafi/CCIT/Project-6/Project-6-Testing/lib/hibernate4-support/mchange-commons-java-0.2.3.4.jar;G:/Rafi/CCIT/Project-6/Project-6-Testing/lib/hibernate4-support/dom4j-1.6.1.jar;G:/Rafi/CCIT/Project-6/Project-6-Testing/lib/hibernate4-support/ehcache-core-2.4.3.jar;G:/Rafi/CCIT/Project-6/Project-6-Testing/lib/hibernate4-support/hibernate-ehcache-4.3.1.Final.jar;G:/Rafi/CCIT/Project-6/Project-6-Testing/lib/hibernate4-support/hibernate-core-4.3.1.Final.jar;G:/Rafi/CCIT/Project-6/Project-6-Testing/lib/hibernate4-support/jboss-logging-3.1.3.GA.jar;G:/Rafi/CCIT/Project-6/Project-6-Testing/lib/hibernate4-support/hibernate-commons-annotations-4.0.4.Final.jar;G:/Rafi/CCIT/Project-6/Project-6-Testing/lib/hibernate4-support/hibernate-entitymanager-4.3.1.Final.jar;G:/Rafi/CCIT/Project-6/Project-6-Testing/lib/hibernate4-support/javassist-3.18.1-GA.jar;G:/Rafi/CCIT/Project-6/Project-6-Testing/lib/hibernate4-support/jboss-transaction-api_1.2_spec-1.0.0.Final.jar;G:/Rafi/CCIT/Project-6/Project-6-Testing/lib/hibernate4-support/slf4j-api-1.6.1.jar;G:/Rafi/CCIT/Project-6/Project-6-Testing/lib/hibernate4-support/slf4j-simple-1.6.1.jar" />
    <property name="nb.native.filechooser" value="false" />
    <property name="libs.TikiOne-JaCoCo.classpath" value="G:/Rafi/CCIT/Project-6/Project-6-Testing/lib/TikiOne-JaCoCo/tikione-jacoco-lib" />
    <property name="libs.restapi.src" value="" />
    <property name="sun.management.compiler" value="HotSpot 64-Bit Tiered Compilers" />
    <property name="libs.j2me_common_ant.javadoc" value="" />
    <property name="javac.deprecation" value="false" />
    <property name="javadoc.use" value="true" />
    <property name="client.urlPart" value="" />
    <property name="sun.java2d.noddraw" value="true" />
    <property name="libs.jsp-compiler.classpath" value="C:\Program Files\NetBeans 8.2\enterprise\ant\extra\jspcompile.jar" />
    <property name="dist.ear.war" value="dist/G2AirlineHibernate.war" />
    <property name="javac.processorpath" value="G:/Rafi/CCIT/Project-6/Project-6-Testing/lib/hibernate4-support/antlr-2.7.7.jar;G:/Rafi/CCIT/Project-6/Project-6-Testing/lib/hibernate4-support/c3p0-0.9.2.1.jar;G:/Rafi/CCIT/Project-6/Project-6-Testing/lib/hibernate4-support/hibernate-c3p0-4.3.1.Final.jar;G:/Rafi/CCIT/Project-6/Project-6-Testing/lib/hibernate4-support/mchange-commons-java-0.2.3.4.jar;G:/Rafi/CCIT/Project-6/Project-6-Testing/lib/hibernate4-support/dom4j-1.6.1.jar;G:/Rafi/CCIT/Project-6/Project-6-Testing/lib/hibernate4-support/ehcache-core-2.4.3.jar;G:/Rafi/CCIT/Project-6/Project-6-Testing/lib/hibernate4-support/hibernate-ehcache-4.3.1.Final.jar;G:/Rafi/CCIT/Project-6/Project-6-Testing/lib/hibernate4-support/hibernate-core-4.3.1.Final.jar;G:/Rafi/CCIT/Project-6/Project-6-Testing/lib/hibernate4-support/jboss-logging-3.1.3.GA.jar;G:/Rafi/CCIT/Project-6/Project-6-Testing/lib/hibernate4-support/hibernate-commons-annotations-4.0.4.Final.jar;G:/Rafi/CCIT/Project-6/Project-6-Testing/lib/hibernate4-support/hibernate-entitymanager-4.3.1.Final.jar;G:/Rafi/CCIT/Project-6/Project-6-Testing/lib/hibernate4-support/javassist-3.18.1-GA.jar;G:/Rafi/CCIT/Project-6/Project-6-Testing/lib/hibernate4-support/jboss-transaction-api_1.2_spec-1.0.0.Final.jar;G:/Rafi/CCIT/Project-6/Project-6-Testing/lib/hibernate4-support/slf4j-api-1.6.1.jar;G:/Rafi/CCIT/Project-6/Project-6-Testing/lib/hibernate4-support/slf4j-simple-1.6.1.jar:&lt;&lt;&lt;&lt;&lt;&lt;&lt; HEAD:G:/Rafi/CCIT/Project-6/Project-6-Testing/lib/MySQLDriver/mysql-connector-java-5.1.23-bin.jar:lib\BootsFaces-OSP-1.4.2.jar" />
    <property name="libs.hamcrest.maven-pom" value="" />
    <property name="javac.compilerargs" value="" />
    <property name="ant.file" value="G:\Rafi\CCIT\Project-6\Project-6-Testing\build.xml" />
    <property name="libs.beans-binding.maven-pom" value="" />
    <property name="libs.hibernate4-support.javadoc" value="G:/Rafi/CCIT/Project-6/Project-6-Testing/lib/hibernate4-support/javax.persistence-2.1.0-doc.zip" />
    <property name="libs.jsf12.classpath" value="C:\Program Files\NetBeans 8.2\enterprise\modules\ext\jsf-1_2\commons-beanutils.jar;C:\Program Files\NetBeans 8.2\enterprise\modules\ext\jsf-1_2\commons-collections.jar;C:\Program Files\NetBeans 8.2\enterprise\modules\ext\jsf-1_2\commons-digester.jar;C:\Program Files\NetBeans 8.2\enterprise\modules\ext\jsf-1_2\commons-logging.jar;C:\Program Files\NetBeans 8.2\enterprise\modules\ext\jsf-1_2\jsf-api.jar;C:\Program Files\NetBeans 8.2\enterprise\modules\ext\jsf-1_2\jsf-impl.jar" />
    <property name="libs.Java-EE-GlassFish-v3-Prelude.classpath" value="C:\Program Files\glassfish-4.1.1\glassfish\modules\endorsed\javax.annotation-api.jar;C:\Program Files\glassfish-4.1.1\glassfish\modules\endorsed\jaxb-api.jar;C:\Program Files\glassfish-4.1.1\glassfish\modules\endorsed\webservices-api-osgi.jar;C:\Program Files\glassfish-4.1.1\glassfish\modules\bean-validator.jar;C:\Program Files\glassfish-4.1.1\glassfish\modules\cdi-api.jar;C:\Program Files\glassfish-4.1.1\glassfish\modules\javax.batch-api.jar;C:\Program Files\glassfish-4.1.1\glassfish\modules\javax.ejb-api.jar;C:\Program Files\glassfish-4.1.1\glassfish\modules\javax.el.jar;C:\Program Files\glassfish-4.1.1\glassfish\modules\javax.enterprise.concurrent-api.jar;C:\Program Files\glassfish-4.1.1\glassfish\modules\javax.enterprise.concurrent.jar;C:\Program Files\glassfish-4.1.1\glassfish\modules\javax.enterprise.deploy-api.jar;C:\Program Files\glassfish-4.1.1\glassfish\modules\javax.faces.jar;C:\Program Files\glassfish-4.1.1\glassfish\modules\javax.inject.jar;C:\Program Files\glassfish-4.1.1\glassfish\modules\javax.interceptor-api.jar;C:\Program Files\glassfish-4.1.1\glassfish\modules\javax.jms-api.jar;C:\Program Files\glassfish-4.1.1\glassfish\modules\javax.json.jar;C:\Program Files\glassfish-4.1.1\glassfish\modules\javax.mail.jar;C:\Program Files\glassfish-4.1.1\glassfish\modules\javax.management.j2ee-api.jar;C:\Program Files\glassfish-4.1.1\glassfish\modules\javax.persistence.jar;C:\Program Files\glassfish-4.1.1\glassfish\modules\javax.resource-api.jar;C:\Program Files\glassfish-4.1.1\glassfish\modules\javax.security.auth.message-api.jar;C:\Program Files\glassfish-4.1.1\glassfish\modules\javax.security.jacc-api.jar;C:\Program Files\glassfish-4.1.1\glassfish\modules\javax.servlet-api.jar;C:\Program Files\glassfish-4.1.1\glassfish\modules\javax.servlet.jsp-api.jar;C:\Program Files\glassfish-4.1.1\glassfish\modules\javax.servlet.jsp.jar;C:\Program Files\glassfish-4.1.1\glassfish\modules\javax.servlet.jsp.jstl-api.jar;C:\Program Files\glassfish-4.1.1\glassfish\modules\javax.servlet.jsp.jstl.jar;C:\Program Files\glassfish-4.1.1\glassfish\modules\javax.transaction-api.jar;C:\Program Files\glassfish-4.1.1\glassfish\modules\javax.websocket-api.jar;C:\Program Files\glassfish-4.1.1\glassfish\modules\javax.ws.rs-api.jar;C:\Program Files\glassfish-4.1.1\glassfish\modules\javax.xml.registry-api.jar;C:\Program Files\glassfish-4.1.1\glassfish\modules\javax.xml.rpc-api.jar;C:\Program Files\glassfish-4.1.1\glassfish\modules\jaxb-osgi.jar;C:\Program Files\glassfish-4.1.1\glassfish\modules\webservices-osgi.jar;C:\Program Files\glassfish-4.1.1\glassfish\modules\weld-osgi-bundle.jar;C:\Program Files\glassfish-4.1.1\mq\lib\jaxm-api.jar" />
    <property name="has.custom.manifest" value="true" />
    <property name="libs.jstl.maven-pom" value="" />
    <property name="libs.restapi.maven-pom" value="" />
    <property name="libs.beans-binding.src" value="" />
    <property name="java.vm.specification.vendor" value="Oracle Corporation" />
    <property name="libs.DataBindingME-PIM.javadoc" value="C:\Program Files\NetBeans 8.2\mobility\modules\docs\netbeans_databindingme_pim-api.zip" />
    <property name="libs.swing-layout.src" value="C:\Program Files\NetBeans 8.2\platform\docs\swing-layout-1.0.4-src.zip" />
    <property name="do.display.browser.debug.old" value="true" />
    <property name="org.openide.major.version" value="IDE/1" />
    <property name="java.vm.name" value="Java HotSpot(TM) 64-Bit Server VM" />
    <property name="netbeans.user" value="C:\Users\Sukhs\AppData\Roaming\NetBeans\8.2" />
    <property name="javadoc.additionalparam" value="" />
    <property name="java.io.tmpdir" value="C:\Users\Sukhs\AppData\Local\Temp\" />
    <property name="java.vendor.url" value="http://java.oracle.com/" />
    <property name="endorsed.classpath.cmd.line.arg" value="-Xbootclasspath/p:&apos;G:\Rafi\CCIT\Project-6\Project-6-Testing\lib\javaee-endorsed-api-7.0\javax.annotation-api.jar;G:\Rafi\CCIT\Project-6\Project-6-Testing\lib\javaee-endorsed-api-7.0\javax.xml.soap-api.jar;G:\Rafi\CCIT\Project-6\Project-6-Testing\lib\javaee-endorsed-api-7.0\jaxb-api-osgi.jar;G:\Rafi\CCIT\Project-6\Project-6-Testing\lib\javaee-endorsed-api-7.0\jaxws-api.jar;G:\Rafi\CCIT\Project-6\Project-6-Testing\lib\javaee-endorsed-api-7.0\jsr181-api.jar&apos;" />
    <property name="jna.loaded" value="true" />
    <property name="junit.available" value="true" />
    <property name="j2ee.platform.wsit.classpath" value="" />
    <property name="libraries.basename" value="nblibraries" />
    <property name="compile.jsps" value="false" />
    <property name="libs.jsp-compiler.src" value="" />
    <property name="deploy.ant.properties.file" value="C:\Users\Sukhs\AppData\Roaming\NetBeans\8.2\config\GlassFishEE6\Properties\gfv31162539845.properties" />
    <property name="j2ee.platform.wscompile.classpath" value="C:/Program Files/glassfish-4.1.1/glassfish/modules/webservices-osgi.jar" />
    <property name="sun.boot.library.path" value="C:\Program Files\Java\jdk1.8.0_311\jre\bin" />
    <property name="have.sources" value="true" />
    <property name="libs.hamcrest.javadoc" value="" />
    <property name="debug.classpath" value="build/web/WEB-INF/classes:G:/Rafi/CCIT/Project-6/Project-6-Testing/lib/hibernate4-support/antlr-2.7.7.jar;G:/Rafi/CCIT/Project-6/Project-6-Testing/lib/hibernate4-support/c3p0-0.9.2.1.jar;G:/Rafi/CCIT/Project-6/Project-6-Testing/lib/hibernate4-support/hibernate-c3p0-4.3.1.Final.jar;G:/Rafi/CCIT/Project-6/Project-6-Testing/lib/hibernate4-support/mchange-commons-java-0.2.3.4.jar;G:/Rafi/CCIT/Project-6/Project-6-Testing/lib/hibernate4-support/dom4j-1.6.1.jar;G:/Rafi/CCIT/Project-6/Project-6-Testing/lib/hibernate4-support/ehcache-core-2.4.3.jar;G:/Rafi/CCIT/Project-6/Project-6-Testing/lib/hibernate4-support/hibernate-ehcache-4.3.1.Final.jar;G:/Rafi/CCIT/Project-6/Project-6-Testing/lib/hibernate4-support/hibernate-core-4.3.1.Final.jar;G:/Rafi/CCIT/Project-6/Project-6-Testing/lib/hibernate4-support/jboss-logging-3.1.3.GA.jar;G:/Rafi/CCIT/Project-6/Project-6-Testing/lib/hibernate4-support/hibernate-commons-annotations-4.0.4.Final.jar;G:/Rafi/CCIT/Project-6/Project-6-Testing/lib/hibernate4-support/hibernate-entitymanager-4.3.1.Final.jar;G:/Rafi/CCIT/Project-6/Project-6-Testing/lib/hibernate4-support/javassist-3.18.1-GA.jar;G:/Rafi/CCIT/Project-6/Project-6-Testing/lib/hibernate4-support/jboss-transaction-api_1.2_spec-1.0.0.Final.jar;G:/Rafi/CCIT/Project-6/Project-6-Testing/lib/hibernate4-support/slf4j-api-1.6.1.jar;G:/Rafi/CCIT/Project-6/Project-6-Testing/lib/hibernate4-support/slf4j-simple-1.6.1.jar:&lt;&lt;&lt;&lt;&lt;&lt;&lt; HEAD:G:/Rafi/CCIT/Project-6/Project-6-Testing/lib/MySQLDriver/mysql-connector-java-5.1.23-bin.jar:lib\BootsFaces-OSP-1.4.2.jar" />
    <property name="war.name" value="G2AirlineHibernate.war" />
    <property name="javadoc.private" value="false" />
    <property name="test.src.dir" value="test" />
    <property name="libs.jsf20.classpath" value="C:\Program Files\NetBeans 8.2\enterprise\modules\ext\jsf-2_2\javax.faces.jar" />
    <property name="ap.processors.internal" value="" />
    <property name="javadoc.encoding.used" value="UTF-8" />
    <property name="libs.DataBindingME-SVG.src" value="C:\Program Files\NetBeans 8.2\mobility\sources\netbeans_databindingme_svg-src.zip" />
    <property name="libs.spring-framework400.maven-pom" value="" />
    <property name="java.runtime.name" value="Java(TM) SE Runtime Environment" />
    <property name="ant.project.name" value="G2AirlineHibernate" />
    <property name="netbeans.hash.code" value="unique=NB_CND_EXTIDE_GFMOD_GROOVY_JAVA_JC_MOB_PHP_WEBCOMMON_WEBEE0e85dd832-67f4-4f83-81fe-8fcba17dcc62_60db520e-e647-4d92-8253-0cf1f52b90c2" />
    <property name="libs.jsp-compilation-syscp.maven-pom" value="" />
    <property name="netbeans.default_userdir_root" value="C:\Users\Sukhs\AppData\Roaming\NetBeans" />
    <property name="sun.cpu.isalist" value="amd64" />
    <property name="libs.CopyLibs.javadoc" value="" />
    <property name="libs.spring-framework400.javadoc" value="" />
    <property name="j2ee.server.domain" value="C:/Users/Sukhs/AppData/Roaming/NetBeans/8.2/config/GF_4.1.1/domain1" />
    <property name="org.openide.specification.version" value="6.2" />
    <property name="j2ee.server.home" value="C:/Program Files/glassfish-4.1.1/glassfish" />
    <property name="libs.DataBindingME-PIM.classpath" value="C:\Program Files\NetBeans 8.2\mobility\modules\ext\netbeans_databindingme_pim.jar" />
    <property name="user.home" value="C:\Users\Sukhs" />
    <property name="annotation.processing.processors.list" value="" />
    <property name="debug-args-line" value="-Xdebug" />
    <property name="libs.primefaces.maven-pom" value="" />
    <property name="libs.javaee-api-6.0.maven-pom" value="" />
    <property name="libs.JWSAntTasks.src" value="" />
    <property name="libs.CopyLibs.maven-pom" value="" />
    <property name="libs.spring-framework300.javadoc" value="" />
    <property name="libs.absolutelayout.javadoc" value="" />
    <property name="java.specification.name" value="Java Platform API Specification" />
    <property name="no.dist.ear.dir" value="true" />
    <property name="libs.CopyLibs.prop-version" value="2.0" />
    <property name="libraries.dir" value="G:/Rafi/CCIT/Project-6/Project-6-Testing/lib" />
    <property name="java.specification.vendor" value="Oracle Corporation" />
    <property name="libs.javac-api.classpath" value="C:\Program Files\NetBeans 8.2\java\modules\ext\nb-javac-api.jar" />
    <property name="java.version" value="1.8.0_311" />
    <property name="javadoc.version" value="false" />
    <property name="run.jvmargs.ide" value="" />
    <property name="libs.MySQLDriver.javadoc" value="" />
    <property name="org.openide.version" value="deprecated" />
    <property name="source.encoding" value="UTF-8" />
    <property name="ap.cmd.line.internal" value="" />
    <property name="libs.eclipselinkmodelgen.maven-pom" value="" />
    <property name="libs.jsp-compilation-syscp.javadoc" value="" />
    <property name="libs.javaee-endorsed-api-7.0.classpath" value="G:/Rafi/CCIT/Project-6/Project-6-Testing/lib/javaee-endorsed-api-7.0/javax.annotation-api.jar;G:/Rafi/CCIT/Project-6/Project-6-Testing/lib/javaee-endorsed-api-7.0/javax.xml.soap-api.jar;G:/Rafi/CCIT/Project-6/Project-6-Testing/lib/javaee-endorsed-api-7.0/jaxb-api-osgi.jar;G:/Rafi/CCIT/Project-6/Project-6-Testing/lib/javaee-endorsed-api-7.0/jaxws-api.jar;G:/Rafi/CCIT/Project-6/Project-6-Testing/lib/javaee-endorsed-api-7.0/jsr181-api.jar" />
    <property name="libs.eclipselinkmodelgen.javadoc" value="" />
    <property name="libs.metro.javadoc" value="C:\Program Files\NetBeans 8.2\enterprise\docs\metro-1.4-doc.zip" />
    <property name="libs.struts.maven-pom" value="" />
    <property name="netbeans.home+have.tests" value="true" />
    <property name="libs.testng.maven-pom" value="" />
    <property name="libs.jaxb.src" value="" />
    <property name="jdk.launcher.addexports.5" value="java.management/sun.management=ALL-UNNAMED" />
    <property name="jdk.launcher.addexports.4" value="java.desktop/com.sun.java.swing.plaf.windows=ALL-UNNAMED" />
    <property name="jdk.launcher.addexports.3" value="java.desktop/sun.awt.im=ALL-UNNAMED" />
    <property name="libs.jaxb.classpath" value="C:\Program Files\NetBeans 8.2\ide\modules\ext\jaxb\jaxb-impl.jar;C:\Program Files\NetBeans 8.2\ide\modules\ext\jaxb\jaxb-xjc.jar;C:\Program Files\NetBeans 8.2\ide\modules\ext\jaxb\jaxb1-impl.jar;C:\Program Files\NetBeans 8.2\ide\modules\ext\jaxb\activation.jar;C:\Program Files\NetBeans 8.2\ide\modules\ext\jaxb\api\jaxb-api.jar;C:\Program Files\NetBeans 8.2\ide\modules\ext\jaxb\api\jsr173_1.0_api.jar" />
    <property name="jdk.launcher.addexports.2" value="java.desktop/java.awt.peer=ALL-UNNAMED" />
    <property name="libs.javaee-endorsed-api-7.0.displayName" value="Java EE 7 Endorsed API Library" />
    <property name="jdk.launcher.addexports.1" value="java.base/jdk.internal.jrtfs=ALL-UNNAMED" />
    <property name="jdk.launcher.addexports.0" value="java.desktop/sun.awt=ALL-UNNAMED" />
    <property name="ant.file.G2AirlineHibernate" value="G:\Rafi\CCIT\Project-6\Project-6-Testing\build.xml" />
    <property name="dist.javadoc.dir" value="dist/javadoc" />
    <property name="libs.j2me_common_ant.classpath" value="C:\Program Files\NetBeans 8.2\mobility\modules\org-netbeans-modules-j2me-common-ant.jar;C:\Program Files\NetBeans 8.2\java\modules\org-netbeans-modules-classfile.jar" />
    <property name="libs.swing-layout.classpath" value="C:\Program Files\NetBeans 8.2\platform\modules\ext\swing-layout-1.0.4.jar" />
    <property name="libs.spring-webmvc3.0.classpath" value="C:\Program Files\NetBeans 8.2\java\modules\ext\spring-3.0\spring-webmvc-3.2.7.RELEASE.jar" />
    <property name="libs.javaee-web-api-7.0.maven-pom" value="" />
    <property name="jspc.dtds" value="/resources/dtds/" />
    <property name="libs.restlib.src" value="" />
    <property name="javac.source" value="1.8" />
    <property name="build.generated.dir" value="build/generated" />
    <property name="line.separator" value="&#xd;&#xa;" />
    <property name="java.specification.version" value="1.8" />
    <property name="libraries.path" value="G:\Rafi\CCIT\Project-6\Project-6-Testing\lib\nblibraries.properties" />
    <property name="java.vm.info" value="mixed mode" />
    <property name="libs.jaxws21.maven-pom" value="" />
    <property name="nb.junit.batch" value="true" />
    <property name="sun.boot.class.path" value="G:\Rafi\CCIT\Project-6\Project-6-Testing\lib\javaee-endorsed-api-7.0\javax.annotation-api.jar;G:\Rafi\CCIT\Project-6\Project-6-Testing\lib\javaee-endorsed-api-7.0\javax.xml.soap-api.jar;G:\Rafi\CCIT\Project-6\Project-6-Testing\lib\javaee-endorsed-api-7.0\jaxb-api-osgi.jar;G:\Rafi\CCIT\Project-6\Project-6-Testing\lib\javaee-endorsed-api-7.0\jaxws-api.jar;G:\Rafi\CCIT\Project-6\Project-6-Testing\lib\javaee-endorsed-api-7.0\jsr181-api.jar;C:\Program Files\Java\jdk1.8.0_311\jre\lib\resources.jar;C:\Program Files\Java\jdk1.8.0_311\jre\lib\rt.jar;C:\Program Files\Java\jdk1.8.0_311\jre\lib\sunrsasign.jar;C:\Program Files\Java\jdk1.8.0_311\jre\lib\jsse.jar;C:\Program Files\Java\jdk1.8.0_311\jre\lib\jce.jar;C:\Program Files\Java\jdk1.8.0_311\jre\lib\charsets.jar;C:\Program Files\Java\jdk1.8.0_311\jre\lib\jfr.jar;C:\Program Files\Java\jdk1.8.0_311\jre\classes" />
    <property name="javac.target" value="1.8" />
    <property name="build.test.classes.dir" value="build/test/classes" />
    <property name="src.dir" value="src/java" />
    <property name="sun.awt.keepWorkingSetOnMinimize" value="true" />
    <property name="annotation.processing.enabled" value="true" />
    <property name="libs.jpa2-persistence.src" value="" />
    <property name="libs.jsf20.src" value="" />
    <property name="libs.jpa20-persistence.src" value="" />
    <property name="libs.DataBindingME-SVG.maven-pom" value="" />
    <property name="libs.jsf12.src" value="" />
    <property name="j2ee.platform" value="1.7-web" />
    <property name="libs.JAVADB_DRIVER_LABEL.maven-pom" value="" />
    <property name="libs.struts.javadoc" value="C:\Program Files\NetBeans 8.2\enterprise\docs\struts-1.3.10-javadoc.zip" />
    <property name="libs.Comet-GlassFish-v3.classpath" value="" />
    <property name="web.docbase.dir" value="web" />
    <property name="libs.javaee-web-api-7.0.src" value="" />
    <property name="libs.primefaces.src" value="" />
    <property name="dist.dir" value="dist" />
    <property name="libs.groovy-all.javadoc" value="" />
    <property name="testng.debug.mode" value="" />
    <property name="javac.fork" value="false" />
    <property name="libs.groovy-all.classpath" value="C:\Program Files\NetBeans 8.2\groovy\modules\ext\groovy-all.jar" />
    <property name="java.awt.printerjob" value="sun.awt.windows.WPrinterJob" />
    <property name="default.javac.source" value="1.8" />
    <property name="debug-transport-by-os" value="dt_shmem" />
    <property name="sun.jnu.encoding" value="Cp1252" />
    <property name="libs.MySQLDriver.src" value="" />
    <property name="ant.file.type.G2AirlineHibernate" value="file" />
    <property name="java.runtime.version" value="1.8.0_311-b11" />
    <property name="build.test.results.dir" value="build/test/results" />
    <property name="do.tmp.war.package.with.custom.manifest" value="true" />
    <property name="default.javac.target" value="1.8" />
    <property name="libs.junit_4.classpath" value="G:/Rafi/CCIT/Project-6/Project-6-Testing/lib/junit_4/junit-4.12.jar" />
    <property name="libs.hamcrest.prop-maven-dependencies" value="org.hamcrest:hamcrest-core:1.3:jar" />
    <property name="user.timezone" value="" />
    <property name="nb.junit.single" value="false" />
    <property name="libs.TikiOne-JaCoCo.displayName" value="TikiOne-JaCoCo" />
    <property name="libs.junit_4.displayName" value="JUnit 4.12" />
    <property name="libs.javaee-endorsed-api-6.0.maven-pom" value="" />
    <property name="libs.JAVADB_DRIVER_LABEL.javadoc" value="" />
    <property name="netbeans.dirs" value="C:\Program Files\NetBeans 8.2\nb;C:\Program Files\NetBeans 8.2\ergonomics;C:\Program Files\NetBeans 8.2\ide;C:\Program Files\NetBeans 8.2\extide;C:\Program Files\NetBeans 8.2\java;C:\Program Files\NetBeans 8.2\apisupport;C:\Program Files\NetBeans 8.2\webcommon;C:\Program Files\NetBeans 8.2\websvccommon;C:\Program Files\NetBeans 8.2\enterprise;C:\Program Files\NetBeans 8.2\mobility;C:\Program Files\NetBeans 8.2\profiler;C:\Program Files\NetBeans 8.2\python;C:\Program Files\NetBeans 8.2\php;C:\Program Files\NetBeans 8.2\identity;C:\Program Files\NetBeans 8.2\harness;C:\Program Files\NetBeans 8.2\cnd;C:\Program Files\NetBeans 8.2\cndext;C:\Program Files\NetBeans 8.2\dlight;C:\Program Files\NetBeans 8.2\groovy;C:\Program Files\NetBeans 8.2\extra;C:\Program Files\NetBeans 8.2\javacard;C:\Program Files\NetBeans 8.2\javafx" />
    <property name="libs.jstl.javadoc" value="C:\Program Files\NetBeans 8.2\enterprise\docs\javaee-doc-api.jar" />
    <property name="libs.jsf20.javadoc" value="C:\Program Files\NetBeans 8.2\enterprise\docs\javaee-doc-api.jar" />
    <property name="java.ext.dirs" value="C:\Program Files\Java\jdk1.8.0_311\jre\lib\ext;C:\WINDOWS\Sun\Java\lib\ext" />
    <property name="libs.metro.src" value="" />
    <property name="endorsed.classpath" value="G:/Rafi/CCIT/Project-6/Project-6-Testing/lib/javaee-endorsed-api-7.0/javax.annotation-api.jar;G:/Rafi/CCIT/Project-6/Project-6-Testing/lib/javaee-endorsed-api-7.0/javax.xml.soap-api.jar;G:/Rafi/CCIT/Project-6/Project-6-Testing/lib/javaee-endorsed-api-7.0/jaxb-api-osgi.jar;G:/Rafi/CCIT/Project-6/Project-6-Testing/lib/javaee-endorsed-api-7.0/jaxws-api.jar;G:/Rafi/CCIT/Project-6/Project-6-Testing/lib/javaee-endorsed-api-7.0/jsr181-api.jar" />
    <property name="libs.absolutelayout.classpath" value="C:\Program Files\NetBeans 8.2\java\modules\ext\AbsoluteLayout.jar" />
    <property name="excludes" value="" />
    <property name="libs.restlib.maven-pom" value="" />
    <property name="libs.metro.classpath" value="C:\Program Files\NetBeans 8.2\ide\modules\ext\jaxb\activation.jar;C:\Program Files\NetBeans 8.2\enterprise\modules\ext\metro\webservices-api.jar;C:\Program Files\NetBeans 8.2\enterprise\modules\ext\metro\webservices-extra-api.jar;C:\Program Files\NetBeans 8.2\enterprise\modules\ext\metro\webservices-extra.jar;C:\Program Files\NetBeans 8.2\enterprise\modules\ext\metro\webservices-rt.jar;C:\Program Files\NetBeans 8.2\enterprise\modules\ext\metro\webservices-tools.jar" />
    <property name="libs.jpa2-persistence.javadoc" value="C:\Program Files\NetBeans 8.2\java\modules\ext\docs\javax.persistence-2.1.0-doc.zip" />
    <property name="libs.DataBindingME.javadoc" value="C:\Program Files\NetBeans 8.2\mobility\modules\docs\netbeans_databindingme-api.zip" />
    <property name="java.class.path" value="G:\Rafi\CCIT\Project-6\Project-6-Testing\lib\hibernate4-support\antlr-2.7.7.jar;G:\Rafi\CCIT\Project-6\Project-6-Testing\lib\hibernate4-support\c3p0-0.9.2.1.jar;G:\Rafi\CCIT\Project-6\Project-6-Testing\lib\hibernate4-support\hibernate-c3p0-4.3.1.Final.jar;G:\Rafi\CCIT\Project-6\Project-6-Testing\lib\hibernate4-support\mchange-commons-java-0.2.3.4.jar;G:\Rafi\CCIT\Project-6\Project-6-Testing\lib\hibernate4-support\dom4j-1.6.1.jar;G:\Rafi\CCIT\Project-6\Project-6-Testing\lib\hibernate4-support\ehcache-core-2.4.3.jar;G:\Rafi\CCIT\Project-6\Project-6-Testing\lib\hibernate4-support\hibernate-ehcache-4.3.1.Final.jar;G:\Rafi\CCIT\Project-6\Project-6-Testing\lib\hibernate4-support\hibernate-core-4.3.1.Final.jar;G:\Rafi\CCIT\Project-6\Project-6-Testing\lib\hibernate4-support\jboss-logging-3.1.3.GA.jar;G:\Rafi\CCIT\Project-6\Project-6-Testing\lib\hibernate4-support\hibernate-commons-annotations-4.0.4.Final.jar;G:\Rafi\CCIT\Project-6\Project-6-Testing\lib\hibernate4-support\hibernate-entitymanager-4.3.1.Final.jar;G:\Rafi\CCIT\Project-6\Project-6-Testing\lib\hibernate4-support\javassist-3.18.1-GA.jar;G:\Rafi\CCIT\Project-6\Project-6-Testing\lib\hibernate4-support\jboss-transaction-api_1.2_spec-1.0.0.Final.jar;G:\Rafi\CCIT\Project-6\Project-6-Testing\lib\hibernate4-support\slf4j-api-1.6.1.jar;G:\Rafi\CCIT\Project-6\Project-6-Testing\lib\hibernate4-support\slf4j-simple-1.6.1.jar;G:\Rafi\CCIT\Project-6\Project-6-Testing\lib\MySQLDriver\mysql-connector-java-5.1.23-bin.jar;G:\Rafi\CCIT\Project-6\Project-6-Testing\lib\BootsFaces-OSP-1.4.2.jar;G:\Rafi\CCIT\Project-6\Project-6-Testing\build\web\WEB-INF\classes;G:\Rafi\CCIT\Project-6\Project-6-Testing\lib\junit_4\junit-4.12.jar;G:\Rafi\CCIT\Project-6\Project-6-Testing\lib\hamcrest\hamcrest-core-1.3.jar;G:\Rafi\CCIT\Project-6\Project-6-Testing\build\test\classes;C:\Program Files\glassfish-4.1.1\glassfish\modules\endorsed\javax.annotation-api.jar;C:\Program Files\glassfish-4.1.1\glassfish\modules\endorsed\jaxb-api.jar;C:\Program Files\glassfish-4.1.1\glassfish\modules\endorsed\webservices-api-osgi.jar;C:\Program Files\glassfish-4.1.1\glassfish\modules\bean-validator.jar;C:\Program Files\glassfish-4.1.1\glassfish\modules\cdi-api.jar;C:\Program Files\glassfish-4.1.1\glassfish\modules\javax.batch-api.jar;C:\Program Files\glassfish-4.1.1\glassfish\modules\javax.ejb-api.jar;C:\Program Files\glassfish-4.1.1\glassfish\modules\javax.el.jar;C:\Program Files\glassfish-4.1.1\glassfish\modules\javax.enterprise.concurrent-api.jar;C:\Program Files\glassfish-4.1.1\glassfish\modules\javax.enterprise.concurrent.jar;C:\Program Files\glassfish-4.1.1\glassfish\modules\javax.enterprise.deploy-api.jar;C:\Program Files\glassfish-4.1.1\glassfish\modules\javax.faces.jar;C:\Program Files\glassfish-4.1.1\glassfish\modules\javax.inject.jar;C:\Program Files\glassfish-4.1.1\glassfish\modules\javax.interceptor-api.jar;C:\Program Files\glassfish-4.1.1\glassfish\modules\javax.jms-api.jar;C:\Program Files\glassfish-4.1.1\glassfish\modules\javax.json.jar;C:\Program Files\glassfish-4.1.1\glassfish\modules\javax.mail.jar;C:\Program Files\glassfish-4.1.1\glassfish\modules\javax.management.j2ee-api.jar;C:\Program Files\glassfish-4.1.1\glassfish\modules\javax.persistence.jar;C:\Program Files\glassfish-4.1.1\glassfish\modules\javax.resource-api.jar;C:\Program Files\glassfish-4.1.1\glassfish\modules\javax.security.auth.message-api.jar;C:\Program Files\glassfish-4.1.1\glassfish\modules\javax.security.jacc-api.jar;C:\Program Files\glassfish-4.1.1\glassfish\modules\javax.servlet-api.jar;C:\Program Files\glassfish-4.1.1\glassfish\modules\javax.servlet.jsp-api.jar;C:\Program Files\glassfish-4.1.1\glassfish\modules\javax.servlet.jsp.jar;C:\Program Files\glassfish-4.1.1\glassfish\modules\javax.servlet.jsp.jstl-api.jar;C:\Program Files\glassfish-4.1.1\glassfish\modules\javax.servlet.jsp.jstl.jar;C:\Program Files\glassfish-4.1.1\glassfish\modules\javax.transaction-api.jar;C:\Program Files\glassfish-4.1.1\glassfish\modules\javax.websocket-api.jar;C:\Program Files\glassfish-4.1.1\glassfish\modules\javax.ws.rs-api.jar;C:\Program Files\glassfish-4.1.1\glassfish\modules\javax.xml.registry-api.jar;C:\Program Files\glassfish-4.1.1\glassfish\modules\javax.xml.rpc-api.jar;C:\Program Files\glassfish-4.1.1\glassfish\modules\jaxb-osgi.jar;C:\Program Files\glassfish-4.1.1\glassfish\modules\webservices-osgi.jar;C:\Program Files\glassfish-4.1.1\glassfish\modules\weld-osgi-bundle.jar;C:\Program Files\glassfish-4.1.1\mq\lib\jaxm-api.jar;C:\Program Files\glassfish-4.1.1\glassfish\lib\embedded\glassfish-embedded-static-shell.jar;C:\Program Files\NetBeans 8.2\extide\ant\lib\ant-launcher.jar;C:\Program Files\NetBeans 8.2\extide\ant\lib\ant.jar;C:\Program Files\NetBeans 8.2\extide\ant\lib\ant-junit.jar;C:\Program Files\NetBeans 8.2\extide\ant\lib\ant-junit4.jar;C:\Users\Sukhs\AppData\Roaming\NetBeans\8.2\modules\ext\jacocoagent.jar" />
    <property name="apple.laf.useScreenMenuBar" value="true" />
    <property name="libs.absolutelayout.src" value="" />
    <property name="libs.jpa20-persistence.classpath" value="C:\Program Files\NetBeans 8.2\java\modules\ext\eclipselink\javax.persistence_2.1.0.v201304241213.jar" />
    <property name="j2ee.server.type" value="gfv3ee6" />
    <property name="os.version" value="10.0" />
    <property name="libs.EclipseLink-GlassFish-v3.javadoc" value="C:\Program Files\NetBeans 8.2\enterprise\docs\javaee-doc-api.jar" />
    <property name="libs.javaee-api-7.0.maven-pom" value="" />
    <property name="sun.awt.enableExtraMouseButtons" value="true" />
    <property name="sun.desktop" value="windows" />
    <property name="libs.hibernate4-persistence.src" value="" />
    <property name="libs.hibernate4-support.maven-pom" value="" />
    <property name="libs.Comet-GlassFish-v3.src" value="" />
    <property name="libs.restlib.javadoc" value="" />
    <property name="war.content.additional" value="" />
    <property name="j2ee.platform.embeddableejb.classpath" value="C:/Program Files/glassfish-4.1.1/glassfish/lib/embedded/glassfish-embedded-static-shell.jar" />
    <property name="libs.JAXB-ENDORSED.classpath" value="C:\Program Files\NetBeans 8.2\ide\modules\ext\jaxb\api\jaxb-api.jar" />
    <property name="libs.javaee-api-7.0.javadoc" value="C:\Program Files\NetBeans 8.2\enterprise\docs\javaee-doc-api.jar" />
    <property name="libs.eclipselink.classpath" value="C:\Program Files\NetBeans 8.2\java\modules\ext\eclipselink\eclipselink.jar;C:\Program Files\NetBeans 8.2\java\modules\ext\eclipselink\javax.persistence_2.1.0.v201304241213.jar;C:\Program Files\NetBeans 8.2\java\modules\ext\eclipselink\org.eclipse.persistence.jpa.jpql_2.5.2.v20140319-9ad6abd.jar" />
    <property name="java.awt.graphicsenv" value="sun.awt.Win32GraphicsEnvironment" />
    <property name="libs.beans-binding.javadoc" value="C:\Program Files\NetBeans 8.2\java\docs\beansbinding-1.2.1-doc.zip" />
    <property name="java.vm.vendor" value="Oracle Corporation" />
    <property name="libs.CopyLibs.classpath" value="G:/Rafi/CCIT/Project-6/Project-6-Testing/lib/CopyLibs/org-netbeans-modules-java-j2seproject-copylibstask.jar" />
    <property name="libs.spring-framework300.classpath" value="C:\Program Files\NetBeans 8.2\ide\modules\org-apache-commons-logging.jar;C:\Program Files\NetBeans 8.2\java\modules\ext\cglib-2.2.jar;C:\Program Files\NetBeans 8.2\java\modules\ext\spring-3.0\spring-aop-3.2.7.RELEASE.jar;C:\Program Files\NetBeans 8.2\java\modules\ext\spring-3.0\spring-aspects-3.2.7.RELEASE.jar;C:\Program Files\NetBeans 8.2\java\modules\ext\spring-3.0\spring-beans-3.2.7.RELEASE.jar;C:\Program Files\NetBeans 8.2\java\modules\ext\spring-3.0\spring-build-src-3.2.7.RELEASE.jar;C:\Program Files\NetBeans 8.2\java\modules\ext\spring-3.0\spring-context-3.2.7.RELEASE.jar;C:\Program Files\NetBeans 8.2\java\modules\ext\spring-3.0\spring-context-support-3.2.7.RELEASE.jar;C:\Program Files\NetBeans 8.2\java\modules\ext\spring-3.0\spring-core-3.2.7.RELEASE.jar;C:\Program Files\NetBeans 8.2\java\modules\ext\spring-3.0\spring-expression-3.2.7.RELEASE.jar;C:\Program Files\NetBeans 8.2\java\modules\ext\spring-3.0\spring-framework-bom-3.2.7.RELEASE.jar;C:\Program Files\NetBeans 8.2\java\modules\ext\spring-3.0\spring-instrument-3.2.7.RELEASE.jar;C:\Program Files\NetBeans 8.2\java\modules\ext\spring-3.0\spring-instrument-tomcat-3.2.7.RELEASE.jar;C:\Program Files\NetBeans 8.2\java\modules\ext\spring-3.0\spring-jdbc-3.2.7.RELEASE.jar;C:\Program Files\NetBeans 8.2\java\modules\ext\spring-3.0\spring-jms-3.2.7.RELEASE.jar;C:\Program Files\NetBeans 8.2\java\modules\ext\spring-3.0\spring-orm-3.2.7.RELEASE.jar;C:\Program Files\NetBeans 8.2\java\modules\ext\spring-3.0\spring-oxm-3.2.7.RELEASE.jar;C:\Program Files\NetBeans 8.2\java\modules\ext\spring-3.0\spring-struts-3.2.7.RELEASE.jar;C:\Program Files\NetBeans 8.2\java\modules\ext\spring-3.0\spring-test-3.2.7.RELEASE.jar;C:\Program Files\NetBeans 8.2\java\modules\ext\spring-3.0\spring-tx-3.2.7.RELEASE.jar;C:\Program Files\NetBeans 8.2\java\modules\ext\spring-3.0\spring-web-3.2.7.RELEASE.jar;C:\Program Files\NetBeans 8.2\java\modules\ext\spring-3.0\spring-webmvc-3.2.7.RELEASE.jar;C:\Program Files\NetBeans 8.2\java\modules\ext\spring-3.0\spring-webmvc-portlet-3.2.7.RELEASE.jar" />
    <property name="libs.jsp-compiler.maven-pom" value="" />
    <property name="libs.hamcrest.src" value="" />
    <property name="libs.hibernate4-persistence.classpath" value="C:\Program Files\NetBeans 8.2\java\modules\ext\hibernate4\antlr-2.7.7.jar;C:\Program Files\NetBeans 8.2\java\modules\ext\hibernate4\c3p0-0.9.2.1.jar;C:\Program Files\NetBeans 8.2\java\modules\ext\hibernate4\hibernate-c3p0-4.3.1.Final.jar;C:\Program Files\NetBeans 8.2\java\modules\ext\hibernate4\mchange-commons-java-0.2.3.4.jar;C:\Program Files\NetBeans 8.2\java\modules\ext\hibernate4\dom4j-1.6.1.jar;C:\Program Files\NetBeans 8.2\java\modules\ext\hibernate4\ehcache-core-2.4.3.jar;C:\Program Files\NetBeans 8.2\java\modules\ext\hibernate4\hibernate-ehcache-4.3.1.Final.jar;C:\Program Files\NetBeans 8.2\java\modules\ext\hibernate4\hibernate-core-4.3.1.Final.jar;C:\Program Files\NetBeans 8.2\java\modules\ext\hibernate4\jboss-logging-3.1.3.GA.jar;C:\Program Files\NetBeans 8.2\java\modules\ext\hibernate4\hibernate-commons-annotations-4.0.4.Final.jar;C:\Program Files\NetBeans 8.2\java\modules\ext\hibernate4\hibernate-entitymanager-4.3.1.Final.jar;C:\Program Files\NetBeans 8.2\java\modules\ext\hibernate4\javassist-3.18.1-GA.jar;C:\Program Files\NetBeans 8.2\java\modules\ext\hibernate4\jboss-transaction-api_1.2_spec-1.0.0.Final.jar;C:\Program Files\NetBeans 8.2\java\modules\ext\hibernate4\slf4j-api-1.6.1.jar;C:\Program Files\NetBeans 8.2\java\modules\ext\hibernate4\slf4j-simple-1.6.1.jar;C:\Program Files\NetBeans 8.2\java\modules\ext\hibernate4\hibernate-jpa-2.1-api-1.0.0.Final.jar" />
    <property name="libs.JAXB-ENDORSED.src" value="" />
    <property name="dist.archive.excludes" value="" />
    <property name="libs.DataBindingME-PIM.src" value="C:\Program Files\NetBeans 8.2\mobility\sources\netbeans_databindingme_pim-src.zip" />
    <property name="libs.testng.javadoc" value="C:\Program Files\NetBeans 8.2\platform\docs\testng-6.8.1-javadoc.zip" />
    <property name="libs.PostgreSQLDriver.classpath" value="C:\Program Files\NetBeans 8.2\ide\modules\ext\postgresql-9.4.1209.jar" />
    <property name="user.script" value="" />
    <property name="libs.jsf12.maven-pom" value="" />
    <property name="libs.hibernate4-persistencemodelgen.classpath" value="C:\Program Files\NetBeans 8.2\java\modules\ext\hibernate4\hibernate-jpamodelgen-4.3.1.Final.jar" />
    <property name="annotation.processing.source.output" value="build/generated-sources/ap-source-output" />
    <property name="libs.CopyLibs.src" value="" />
    <property name="build.dir" value="build" />
    <property name="libs.CopyLibs.displayName" value="CopyLibs Task" />
    <property name="libs.jsp-compilation.classpath" value="C:\Program Files\NetBeans 8.2\extide\ant\lib\ant.jar;C:\Program Files\NetBeans 8.2\enterprise\modules\ext\servlet3.1-jsp2.3-api.jar;C:\Program Files\NetBeans 8.2\enterprise\modules\ext\glassfish-jspparser-4.0.jar;C:\Program Files\NetBeans 8.2\enterprise\modules\ext\jsf-2_2\javax.faces.jar;C:\Program Files\NetBeans 8.2\enterprise\modules\ext\jstl-api.jar;C:\Program Files\NetBeans 8.2\extide\ant\lib\ant-launcher.jar" />
    <property name="selected.browser" value="Chrome.INTEGRATED" />
    <property name="ant.version" value="Apache Ant(TM) version 1.9.7 compiled on April 9 2016" />
    <property name="j2ee.platform.is.jsr109" value="true" />
    <property name="file.encoding" value="Cp1252" />
    <property name="build.classes.excludes" value="**/*.java,**/*.form" />
    <property name="jdkBug6558476" value="false" />
    <property name="javadoc.nonavbar" value="false" />
    <property name="libs.spring-webmvc4.0.classpath" value="C:\Program Files\NetBeans 8.2\java\modules\ext\spring-4\spring-webmvc-4.0.1.RELEASE.jar" />
    <property name="platform.active" value="default_platform" />
    <property name="awt.toolkit" value="sun.awt.windows.WToolkit" />
    <property name="war.ear.name" value="G2AirlineHibernate.war" />
    <property name="libs.javaee-web-api-7.0.javadoc" value="C:\Program Files\NetBeans 8.2\enterprise\docs\javaee-doc-api.jar" />
    <property name="" value="======" />
  </properties>
  <testcase classname="dao.AdminsDaoTest" name="testGetByUsernameAndPasswordThatIsNotExact" time="3.582">
    <failure message="Values should be different. Actual: Super Admin" type="junit.framework.AssertionFailedError">junit.framework.AssertionFailedError: Values should be different. Actual: Super Admin
	at dao.AdminsDaoTest.testGetByUsernameAndPasswordThatIsNotExact(AdminsDaoTest.java:101)
</failure>
  </testcase>
  <testcase classname="dao.AdminsDaoTest" name="testGetByUsernameThatIsNotExactAndPassword" time="0.714">
    <failure message="Values should be different. Actual: Super Admin" type="junit.framework.AssertionFailedError">junit.framework.AssertionFailedError: Values should be different. Actual: Super Admin
	at dao.AdminsDaoTest.testGetByUsernameThatIsNotExactAndPassword(AdminsDaoTest.java:88)
</failure>
  </testcase>
  <testcase classname="dao.AdminsDaoTest" name="testGetById" time="0.551" />
  <testcase classname="dao.AdminsDaoTest" name="testGetByUsernameAndPasswordThatAreExact" time="0.522" />
  <testcase classname="dao.AdminsDaoTest" name="testGetByUsernameAndPasswordThatAreNotExact" time="0.486">
    <failure message="expected null, but was:&lt;id=1, name=Super Admin, username=superadmin, password=superadmin123, insertPriv=true, selectPriv=true, updatePriv=true, deletePriv=true&#xa;&gt;" type="junit.framework.AssertionFailedError">junit.framework.AssertionFailedError: expected null, but was:&lt;id=1, name=Super Admin, username=superadmin, password=superadmin123, insertPriv=true, selectPriv=true, updatePriv=true, deletePriv=true
&gt;
	at dao.AdminsDaoTest.testGetByUsernameAndPasswordThatAreNotExact(AdminsDaoTest.java:114)
</failure>
  </testcase>
  <testcase classname="dao.AdminsDaoTest" name="testGetAll" time="0.468" />
  <system-out><![CDATA[getByUsernameAndPasswordThatIsNotExact
Hibernate: select admins0_.id as id1_0_, admins0_.name as name2_0_, admins0_.username as username3_0_, admins0_.password as password4_0_, admins0_.insert_priv as insert_p5_0_, admins0_.select_priv as select_p6_0_, admins0_.update_priv as update_p7_0_, admins0_.delete_priv as delete_p8_0_ from g2airline.admins admins0_ where admins0_.username=? and admins0_.password=?
getByUsernameThatIsNotExactAndPassword
Hibernate: select admins0_.id as id1_0_, admins0_.name as name2_0_, admins0_.username as username3_0_, admins0_.password as password4_0_, admins0_.insert_priv as insert_p5_0_, admins0_.select_priv as select_p6_0_, admins0_.update_priv as update_p7_0_, admins0_.delete_priv as delete_p8_0_ from g2airline.admins admins0_ where admins0_.username=? and admins0_.password=?
getById
Hibernate: select this_.id as id1_0_0_, this_.name as name2_0_0_, this_.username as username3_0_0_, this_.password as password4_0_0_, this_.insert_priv as insert_p5_0_0_, this_.select_priv as select_p6_0_0_, this_.update_priv as update_p7_0_0_, this_.delete_priv as delete_p8_0_0_ from g2airline.admins this_ where this_.id=?
getByUsernameAndPasswordThatAreExact
Hibernate: select admins0_.id as id1_0_, admins0_.name as name2_0_, admins0_.username as username3_0_, admins0_.password as password4_0_, admins0_.insert_priv as insert_p5_0_, admins0_.select_priv as select_p6_0_, admins0_.update_priv as update_p7_0_, admins0_.delete_priv as delete_p8_0_ from g2airline.admins admins0_ where admins0_.username=? and admins0_.password=?
getByUsernameAndPasswordThatAreNotExact
Hibernate: select admins0_.id as id1_0_, admins0_.name as name2_0_, admins0_.username as username3_0_, admins0_.password as password4_0_, admins0_.insert_priv as insert_p5_0_, admins0_.select_priv as select_p6_0_, admins0_.update_priv as update_p7_0_, admins0_.delete_priv as delete_p8_0_ from g2airline.admins admins0_ where admins0_.username=? and admins0_.password=?
getAll
Hibernate: select this_.id as id1_0_0_, this_.name as name2_0_0_, this_.username as username3_0_0_, this_.password as password4_0_0_, this_.insert_priv as insert_p5_0_0_, this_.select_priv as select_p6_0_0_, this_.update_priv as update_p7_0_0_, this_.delete_priv as delete_p8_0_0_ from g2airline.admins this_
]]></system-out>
  <system-err><![CDATA[Oct 29, 2022 10:23:33 AM org.hibernate.annotations.common.reflection.java.JavaReflectionManager <clinit>
INFO: HCANN000001: Hibernate Commons Annotations {4.0.4.Final}
Oct 29, 2022 10:23:33 AM org.hibernate.Version logVersion
INFO: HHH000412: Hibernate Core {4.3.1.Final}
Oct 29, 2022 10:23:33 AM org.hibernate.cfg.Environment <clinit>
INFO: HHH000206: hibernate.properties not found
Oct 29, 2022 10:23:33 AM org.hibernate.cfg.Environment buildBytecodeProvider
INFO: HHH000021: Bytecode provider name : javassist
Oct 29, 2022 10:23:33 AM org.hibernate.cfg.Configuration configure
INFO: HHH000043: Configuring from resource: hibernate.cfg.xml
Oct 29, 2022 10:23:33 AM org.hibernate.cfg.Configuration getConfigurationInputStream
INFO: HHH000040: Configuration resource: hibernate.cfg.xml
Oct 29, 2022 10:23:33 AM org.hibernate.internal.util.xml.DTDEntityResolver resolveEntity
WARN: HHH000223: Recognized obsolete hibernate namespace http://hibernate.sourceforge.net/. Use namespace http://www.hibernate.org/dtd/ instead. Refer to Hibernate 3.6 Migration Guide!
Oct 29, 2022 10:23:33 AM org.hibernate.cfg.Configuration addResource
INFO: HHH000221: Reading mappings from resource: pojo/Admins.hbm.xml
Oct 29, 2022 10:23:33 AM org.hibernate.cfg.Configuration addResource
INFO: HHH000221: Reading mappings from resource: pojo/Airplanes.hbm.xml
Oct 29, 2022 10:23:33 AM org.hibernate.cfg.Configuration addResource
INFO: HHH000221: Reading mappings from resource: pojo/ReservationsInfo.hbm.xml
Oct 29, 2022 10:23:33 AM org.hibernate.cfg.Configuration addResource
INFO: HHH000221: Reading mappings from resource: pojo/Airports.hbm.xml
Oct 29, 2022 10:23:33 AM org.hibernate.cfg.Configuration addResource
INFO: HHH000221: Reading mappings from resource: pojo/Users.hbm.xml
Oct 29, 2022 10:23:33 AM org.hibernate.cfg.Configuration addResource
INFO: HHH000221: Reading mappings from resource: pojo/BusinessSeats.hbm.xml
Oct 29, 2022 10:23:33 AM org.hibernate.cfg.Configuration addResource
INFO: HHH000221: Reading mappings from resource: pojo/EconomySeats.hbm.xml
Oct 29, 2022 10:23:33 AM org.hibernate.cfg.Configuration addResource
INFO: HHH000221: Reading mappings from resource: pojo/FirstClassSeats.hbm.xml
Oct 29, 2022 10:23:33 AM org.hibernate.cfg.Configuration addResource
INFO: HHH000221: Reading mappings from resource: pojo/Routes.hbm.xml
Oct 29, 2022 10:23:33 AM org.hibernate.cfg.Configuration addResource
INFO: HHH000221: Reading mappings from resource: pojo/Flights.hbm.xml
Oct 29, 2022 10:23:33 AM org.hibernate.cfg.Configuration addResource
INFO: HHH000221: Reading mappings from resource: pojo/PremiumEconomySeats.hbm.xml
Oct 29, 2022 10:23:33 AM org.hibernate.cfg.Configuration addResource
INFO: HHH000221: Reading mappings from resource: pojo/Airlines.hbm.xml
Oct 29, 2022 10:23:33 AM org.hibernate.cfg.Configuration addResource
INFO: HHH000221: Reading mappings from resource: pojo/Reservations.hbm.xml
Oct 29, 2022 10:23:33 AM org.hibernate.cfg.Configuration doConfigure
INFO: HHH000041: Configured SessionFactory: null
Oct 29, 2022 10:23:34 AM org.hibernate.engine.jdbc.connections.internal.DriverManagerConnectionProviderImpl configure
WARN: HHH000402: Using Hibernate built-in connection pool (not for production use!)
Oct 29, 2022 10:23:34 AM org.hibernate.engine.jdbc.connections.internal.DriverManagerConnectionProviderImpl buildCreator
INFO: HHH000401: using driver [com.mysql.jdbc.Driver] at URL [jdbc:mysql://localhost:3306/g2airline?zeroDateTimeBehavior=convertToNull]
Oct 29, 2022 10:23:34 AM org.hibernate.engine.jdbc.connections.internal.DriverManagerConnectionProviderImpl buildCreator
INFO: HHH000046: Connection properties: {user=root}
Oct 29, 2022 10:23:34 AM org.hibernate.engine.jdbc.connections.internal.DriverManagerConnectionProviderImpl buildCreator
INFO: HHH000006: Autocommit mode: false
Oct 29, 2022 10:23:34 AM org.hibernate.engine.jdbc.connections.internal.DriverManagerConnectionProviderImpl configure
INFO: HHH000115: Hibernate connection pool size: 20 (min=1)
Oct 29, 2022 10:23:34 AM org.hibernate.dialect.Dialect <init>
INFO: HHH000400: Using dialect: org.hibernate.dialect.MySQLDialect
Oct 29, 2022 10:23:34 AM org.hibernate.engine.transaction.internal.TransactionFactoryInitiator initiateService
INFO: HHH000399: Using default transaction strategy (direct JDBC transactions)
Oct 29, 2022 10:23:34 AM org.hibernate.hql.internal.ast.ASTQueryTranslatorFactory <init>
INFO: HHH000397: Using ASTQueryTranslatorFactory
Oct 29, 2022 10:23:34 AM org.hibernate.validator.internal.util.Version <clinit>
INFO: HV000001: Hibernate Validator 5.1.2.Final
Oct 29, 2022 10:23:36 AM org.hibernate.tool.hbm2ddl.SchemaUpdate execute
INFO: HHH000228: Running hbm2ddl schema update
Oct 29, 2022 10:23:36 AM org.hibernate.tool.hbm2ddl.SchemaUpdate execute
INFO: HHH000102: Fetching database metadata
Oct 29, 2022 10:23:36 AM org.hibernate.tool.hbm2ddl.SchemaUpdate execute
INFO: HHH000396: Updating schema
Oct 29, 2022 10:23:36 AM org.hibernate.tool.hbm2ddl.TableMetadata <init>
INFO: HHH000261: Table found: g2airline.admins
Oct 29, 2022 10:23:36 AM org.hibernate.tool.hbm2ddl.TableMetadata <init>
INFO: HHH000037: Columns: [password, delete_priv, update_priv, select_priv, name, id, insert_priv, username]
Oct 29, 2022 10:23:36 AM org.hibernate.tool.hbm2ddl.TableMetadata <init>
INFO: HHH000108: Foreign keys: []
Oct 29, 2022 10:23:36 AM org.hibernate.tool.hbm2ddl.TableMetadata <init>
INFO: HHH000126: Indexes: [primary]
Oct 29, 2022 10:23:36 AM org.hibernate.tool.hbm2ddl.TableMetadata <init>
INFO: HHH000261: Table found: g2airline.airlines
Oct 29, 2022 10:23:36 AM org.hibernate.tool.hbm2ddl.TableMetadata <init>
INFO: HHH000037: Columns: [code, name, id]
Oct 29, 2022 10:23:36 AM org.hibernate.tool.hbm2ddl.TableMetadata <init>
INFO: HHH000108: Foreign keys: []
Oct 29, 2022 10:23:36 AM org.hibernate.tool.hbm2ddl.TableMetadata <init>
INFO: HHH000126: Indexes: [primary]
Oct 29, 2022 10:23:36 AM org.hibernate.tool.hbm2ddl.TableMetadata <init>
INFO: HHH000261: Table found: g2airline.airplanes
Oct 29, 2022 10:23:36 AM org.hibernate.tool.hbm2ddl.TableMetadata <init>
INFO: HHH000037: Columns: [economy_seats, business_seats, airline_id, id, premium_economy_seats, first_class_seats, type, total_seats]
Oct 29, 2022 10:23:36 AM org.hibernate.tool.hbm2ddl.TableMetadata <init>
INFO: HHH000108: Foreign keys: [airplanes_airlines]
Oct 29, 2022 10:23:36 AM org.hibernate.tool.hbm2ddl.TableMetadata <init>
INFO: HHH000126: Indexes: [airplanes_airlines, primary]
Oct 29, 2022 10:23:36 AM org.hibernate.tool.hbm2ddl.TableMetadata <init>
INFO: HHH000261: Table found: g2airline.airports
Oct 29, 2022 10:23:36 AM org.hibernate.tool.hbm2ddl.TableMetadata <init>
INFO: HHH000037: Columns: [code, province, city, name, id]
Oct 29, 2022 10:23:36 AM org.hibernate.tool.hbm2ddl.TableMetadata <init>
INFO: HHH000108: Foreign keys: []
Oct 29, 2022 10:23:36 AM org.hibernate.tool.hbm2ddl.TableMetadata <init>
INFO: HHH000126: Indexes: [primary]
Oct 29, 2022 10:23:36 AM org.hibernate.tool.hbm2ddl.TableMetadata <init>
INFO: HHH000261: Table found: g2airline.business_seats
Oct 29, 2022 10:23:36 AM org.hibernate.tool.hbm2ddl.TableMetadata <init>
INFO: HHH000037: Columns: [airplane_id, number, id, row]
Oct 29, 2022 10:23:36 AM org.hibernate.tool.hbm2ddl.TableMetadata <init>
INFO: HHH000108: Foreign keys: [business_seats_airplane]
Oct 29, 2022 10:23:36 AM org.hibernate.tool.hbm2ddl.TableMetadata <init>
INFO: HHH000126: Indexes: [business_seats_airplanes, primary]
Oct 29, 2022 10:23:36 AM org.hibernate.tool.hbm2ddl.TableMetadata <init>
INFO: HHH000261: Table found: g2airline.economy_seats
Oct 29, 2022 10:23:36 AM org.hibernate.tool.hbm2ddl.TableMetadata <init>
INFO: HHH000037: Columns: [airplane_id, number, id, row]
Oct 29, 2022 10:23:36 AM org.hibernate.tool.hbm2ddl.TableMetadata <init>
INFO: HHH000108: Foreign keys: [economy_seats_airplanes]
Oct 29, 2022 10:23:36 AM org.hibernate.tool.hbm2ddl.TableMetadata <init>
INFO: HHH000126: Indexes: [economy_seats_airplanes, primary]
Oct 29, 2022 10:23:36 AM org.hibernate.tool.hbm2ddl.TableMetadata <init>
INFO: HHH000261: Table found: g2airline.first_class_seats
Oct 29, 2022 10:23:36 AM org.hibernate.tool.hbm2ddl.TableMetadata <init>
INFO: HHH000037: Columns: [airplane_id, number, id, row]
Oct 29, 2022 10:23:36 AM org.hibernate.tool.hbm2ddl.TableMetadata <init>
INFO: HHH000108: Foreign keys: [first_class_seats_airplane]
Oct 29, 2022 10:23:36 AM org.hibernate.tool.hbm2ddl.TableMetadata <init>
INFO: HHH000126: Indexes: [primary, first_class_seats_airplanes]
Oct 29, 2022 10:23:36 AM org.hibernate.tool.hbm2ddl.TableMetadata <init>
INFO: HHH000261: Table found: g2airline.flights
Oct 29, 2022 10:23:36 AM org.hibernate.tool.hbm2ddl.TableMetadata <init>
INFO: HHH000037: Columns: [airplane_id, time_of_departure, route_id, id]
Oct 29, 2022 10:23:36 AM org.hibernate.tool.hbm2ddl.TableMetadata <init>
INFO: HHH000108: Foreign keys: [flights_routes, flights_airplane]
Oct 29, 2022 10:23:36 AM org.hibernate.tool.hbm2ddl.TableMetadata <init>
INFO: HHH000126: Indexes: [flights_airplanes, flights_routes, projection_ak_1, primary]
Oct 29, 2022 10:23:36 AM org.hibernate.tool.hbm2ddl.TableMetadata <init>
INFO: HHH000261: Table found: g2airline.premium_economy_seats
Oct 29, 2022 10:23:36 AM org.hibernate.tool.hbm2ddl.TableMetadata <init>
INFO: HHH000037: Columns: [airplane_id, number, id, row]
Oct 29, 2022 10:23:36 AM org.hibernate.tool.hbm2ddl.TableMetadata <init>
INFO: HHH000108: Foreign keys: [premium_economy_seats_airplane]
Oct 29, 2022 10:23:36 AM org.hibernate.tool.hbm2ddl.TableMetadata <init>
INFO: HHH000126: Indexes: [premium_economy_seats_airplane, primary]
Oct 29, 2022 10:23:36 AM org.hibernate.tool.hbm2ddl.TableMetadata <init>
INFO: HHH000261: Table found: g2airline.reservations
Oct 29, 2022 10:23:36 AM org.hibernate.tool.hbm2ddl.TableMetadata <init>
INFO: HHH000037: Columns: [user_id, paid, active, id, flight_id]
Oct 29, 2022 10:23:36 AM org.hibernate.tool.hbm2ddl.TableMetadata <init>
INFO: HHH000108: Foreign keys: [reservations_reserving_user, reservations_projection]
Oct 29, 2022 10:23:36 AM org.hibernate.tool.hbm2ddl.TableMetadata <init>
INFO: HHH000126: Indexes: [reservations_reserving_user, reservations_projection, primary]
Oct 29, 2022 10:23:36 AM org.hibernate.tool.hbm2ddl.TableMetadata <init>
INFO: HHH000261: Table found: g2airline.reservations_info
Oct 29, 2022 10:23:36 AM org.hibernate.tool.hbm2ddl.TableMetadata <init>
INFO: HHH000037: Columns: [reservation_id, gender, name, seat_class, phone_number, id, age]
Oct 29, 2022 10:23:36 AM org.hibernate.tool.hbm2ddl.TableMetadata <init>
INFO: HHH000108: Foreign keys: [reservations_info_ibfk_1]
Oct 29, 2022 10:23:36 AM org.hibernate.tool.hbm2ddl.TableMetadata <init>
INFO: HHH000126: Indexes: [reservation_id, primary]
Oct 29, 2022 10:23:36 AM org.hibernate.tool.hbm2ddl.TableMetadata <init>
INFO: HHH000261: Table found: g2airline.routes
Oct 29, 2022 10:23:36 AM org.hibernate.tool.hbm2ddl.TableMetadata <init>
INFO: HHH000037: Columns: [departure_id, destination_id, time_of_flight, id]
Oct 29, 2022 10:23:36 AM org.hibernate.tool.hbm2ddl.TableMetadata <init>
INFO: HHH000108: Foreign keys: [routes_airports_destination, routes_airports_departure]
Oct 29, 2022 10:23:36 AM org.hibernate.tool.hbm2ddl.TableMetadata <init>
INFO: HHH000126: Indexes: [routes_airports_destination, primary, routes_airports_departure]
Oct 29, 2022 10:23:36 AM org.hibernate.tool.hbm2ddl.TableMetadata <init>
INFO: HHH000261: Table found: g2airline.users
Oct 29, 2022 10:23:36 AM org.hibernate.tool.hbm2ddl.TableMetadata <init>
INFO: HHH000037: Columns: [password, gender, date_of_birth, name, phone_number, id, title, email, username]
Oct 29, 2022 10:23:36 AM org.hibernate.tool.hbm2ddl.TableMetadata <init>
INFO: HHH000108: Foreign keys: []
Oct 29, 2022 10:23:36 AM org.hibernate.tool.hbm2ddl.TableMetadata <init>
INFO: HHH000126: Indexes: [primary]
Oct 29, 2022 10:23:36 AM org.hibernate.tool.hbm2ddl.SchemaUpdate execute
INFO: HHH000232: Schema update complete
Oct 29, 2022 10:23:36 AM org.hibernate.cfg.Configuration configure
INFO: HHH000043: Configuring from resource: hibernate.cfg.xml
Oct 29, 2022 10:23:36 AM org.hibernate.cfg.Configuration getConfigurationInputStream
INFO: HHH000040: Configuration resource: hibernate.cfg.xml
Oct 29, 2022 10:23:36 AM org.hibernate.internal.util.xml.DTDEntityResolver resolveEntity
WARN: HHH000223: Recognized obsolete hibernate namespace http://hibernate.sourceforge.net/. Use namespace http://www.hibernate.org/dtd/ instead. Refer to Hibernate 3.6 Migration Guide!
Oct 29, 2022 10:23:36 AM org.hibernate.cfg.Configuration addResource
INFO: HHH000221: Reading mappings from resource: pojo/Admins.hbm.xml
Oct 29, 2022 10:23:36 AM org.hibernate.cfg.Configuration addResource
INFO: HHH000221: Reading mappings from resource: pojo/Airplanes.hbm.xml
Oct 29, 2022 10:23:36 AM org.hibernate.cfg.Configuration addResource
INFO: HHH000221: Reading mappings from resource: pojo/ReservationsInfo.hbm.xml
Oct 29, 2022 10:23:36 AM org.hibernate.cfg.Configuration addResource
INFO: HHH000221: Reading mappings from resource: pojo/Airports.hbm.xml
Oct 29, 2022 10:23:36 AM org.hibernate.cfg.Configuration addResource
INFO: HHH000221: Reading mappings from resource: pojo/Users.hbm.xml
Oct 29, 2022 10:23:36 AM org.hibernate.cfg.Configuration addResource
INFO: HHH000221: Reading mappings from resource: pojo/BusinessSeats.hbm.xml
Oct 29, 2022 10:23:36 AM org.hibernate.cfg.Configuration addResource
INFO: HHH000221: Reading mappings from resource: pojo/EconomySeats.hbm.xml
Oct 29, 2022 10:23:36 AM org.hibernate.cfg.Configuration addResource
INFO: HHH000221: Reading mappings from resource: pojo/FirstClassSeats.hbm.xml
Oct 29, 2022 10:23:36 AM org.hibernate.cfg.Configuration addResource
INFO: HHH000221: Reading mappings from resource: pojo/Routes.hbm.xml
Oct 29, 2022 10:23:36 AM org.hibernate.cfg.Configuration addResource
INFO: HHH000221: Reading mappings from resource: pojo/Flights.hbm.xml
Oct 29, 2022 10:23:36 AM org.hibernate.cfg.Configuration addResource
INFO: HHH000221: Reading mappings from resource: pojo/PremiumEconomySeats.hbm.xml
Oct 29, 2022 10:23:36 AM org.hibernate.cfg.Configuration addResource
INFO: HHH000221: Reading mappings from resource: pojo/Airlines.hbm.xml
Oct 29, 2022 10:23:36 AM org.hibernate.cfg.Configuration addResource
INFO: HHH000221: Reading mappings from resource: pojo/Reservations.hbm.xml
Oct 29, 2022 10:23:36 AM org.hibernate.cfg.Configuration doConfigure
INFO: HHH000041: Configured SessionFactory: null
Oct 29, 2022 10:23:36 AM org.hibernate.engine.jdbc.connections.internal.DriverManagerConnectionProviderImpl configure
WARN: HHH000402: Using Hibernate built-in connection pool (not for production use!)
Oct 29, 2022 10:23:36 AM org.hibernate.engine.jdbc.connections.internal.DriverManagerConnectionProviderImpl buildCreator
INFO: HHH000401: using driver [com.mysql.jdbc.Driver] at URL [jdbc:mysql://localhost:3306/g2airline?zeroDateTimeBehavior=convertToNull]
Oct 29, 2022 10:23:36 AM org.hibernate.engine.jdbc.connections.internal.DriverManagerConnectionProviderImpl buildCreator
INFO: HHH000046: Connection properties: {user=root}
Oct 29, 2022 10:23:36 AM org.hibernate.engine.jdbc.connections.internal.DriverManagerConnectionProviderImpl buildCreator
INFO: HHH000006: Autocommit mode: false
Oct 29, 2022 10:23:36 AM org.hibernate.engine.jdbc.connections.internal.DriverManagerConnectionProviderImpl configure
INFO: HHH000115: Hibernate connection pool size: 20 (min=1)
Oct 29, 2022 10:23:36 AM org.hibernate.dialect.Dialect <init>
INFO: HHH000400: Using dialect: org.hibernate.dialect.MySQLDialect
Oct 29, 2022 10:23:37 AM org.hibernate.engine.transaction.internal.TransactionFactoryInitiator initiateService
INFO: HHH000399: Using default transaction strategy (direct JDBC transactions)
Oct 29, 2022 10:23:37 AM org.hibernate.hql.internal.ast.ASTQueryTranslatorFactory <init>
INFO: HHH000397: Using ASTQueryTranslatorFactory
Oct 29, 2022 10:23:37 AM org.hibernate.tool.hbm2ddl.SchemaUpdate execute
INFO: HHH000228: Running hbm2ddl schema update
Oct 29, 2022 10:23:37 AM org.hibernate.tool.hbm2ddl.SchemaUpdate execute
INFO: HHH000102: Fetching database metadata
Oct 29, 2022 10:23:37 AM org.hibernate.tool.hbm2ddl.SchemaUpdate execute
INFO: HHH000396: Updating schema
Oct 29, 2022 10:23:37 AM org.hibernate.tool.hbm2ddl.TableMetadata <init>
INFO: HHH000261: Table found: g2airline.admins
Oct 29, 2022 10:23:37 AM org.hibernate.tool.hbm2ddl.TableMetadata <init>
INFO: HHH000037: Columns: [password, delete_priv, update_priv, select_priv, name, id, insert_priv, username]
Oct 29, 2022 10:23:37 AM org.hibernate.tool.hbm2ddl.TableMetadata <init>
INFO: HHH000108: Foreign keys: []
Oct 29, 2022 10:23:37 AM org.hibernate.tool.hbm2ddl.TableMetadata <init>
INFO: HHH000126: Indexes: [primary]
Oct 29, 2022 10:23:37 AM org.hibernate.tool.hbm2ddl.TableMetadata <init>
INFO: HHH000261: Table found: g2airline.airlines
Oct 29, 2022 10:23:37 AM org.hibernate.tool.hbm2ddl.TableMetadata <init>
INFO: HHH000037: Columns: [code, name, id]
Oct 29, 2022 10:23:37 AM org.hibernate.tool.hbm2ddl.TableMetadata <init>
INFO: HHH000108: Foreign keys: []
Oct 29, 2022 10:23:37 AM org.hibernate.tool.hbm2ddl.TableMetadata <init>
INFO: HHH000126: Indexes: [primary]
Oct 29, 2022 10:23:37 AM org.hibernate.tool.hbm2ddl.TableMetadata <init>
INFO: HHH000261: Table found: g2airline.airplanes
Oct 29, 2022 10:23:37 AM org.hibernate.tool.hbm2ddl.TableMetadata <init>
INFO: HHH000037: Columns: [economy_seats, business_seats, airline_id, id, premium_economy_seats, first_class_seats, type, total_seats]
Oct 29, 2022 10:23:37 AM org.hibernate.tool.hbm2ddl.TableMetadata <init>
INFO: HHH000108: Foreign keys: [airplanes_airlines]
Oct 29, 2022 10:23:37 AM org.hibernate.tool.hbm2ddl.TableMetadata <init>
INFO: HHH000126: Indexes: [airplanes_airlines, primary]
Oct 29, 2022 10:23:37 AM org.hibernate.tool.hbm2ddl.TableMetadata <init>
INFO: HHH000261: Table found: g2airline.airports
Oct 29, 2022 10:23:37 AM org.hibernate.tool.hbm2ddl.TableMetadata <init>
INFO: HHH000037: Columns: [code, province, city, name, id]
Oct 29, 2022 10:23:37 AM org.hibernate.tool.hbm2ddl.TableMetadata <init>
INFO: HHH000108: Foreign keys: []
Oct 29, 2022 10:23:37 AM org.hibernate.tool.hbm2ddl.TableMetadata <init>
INFO: HHH000126: Indexes: [primary]
Oct 29, 2022 10:23:37 AM org.hibernate.tool.hbm2ddl.TableMetadata <init>
INFO: HHH000261: Table found: g2airline.business_seats
Oct 29, 2022 10:23:37 AM org.hibernate.tool.hbm2ddl.TableMetadata <init>
INFO: HHH000037: Columns: [airplane_id, number, id, row]
Oct 29, 2022 10:23:37 AM org.hibernate.tool.hbm2ddl.TableMetadata <init>
INFO: HHH000108: Foreign keys: [business_seats_airplane]
Oct 29, 2022 10:23:37 AM org.hibernate.tool.hbm2ddl.TableMetadata <init>
INFO: HHH000126: Indexes: [business_seats_airplanes, primary]
Oct 29, 2022 10:23:37 AM org.hibernate.tool.hbm2ddl.TableMetadata <init>
INFO: HHH000261: Table found: g2airline.economy_seats
Oct 29, 2022 10:23:37 AM org.hibernate.tool.hbm2ddl.TableMetadata <init>
INFO: HHH000037: Columns: [airplane_id, number, id, row]
Oct 29, 2022 10:23:37 AM org.hibernate.tool.hbm2ddl.TableMetadata <init>
INFO: HHH000108: Foreign keys: [economy_seats_airplanes]
Oct 29, 2022 10:23:37 AM org.hibernate.tool.hbm2ddl.TableMetadata <init>
INFO: HHH000126: Indexes: [economy_seats_airplanes, primary]
Oct 29, 2022 10:23:37 AM org.hibernate.tool.hbm2ddl.TableMetadata <init>
INFO: HHH000261: Table found: g2airline.first_class_seats
Oct 29, 2022 10:23:37 AM org.hibernate.tool.hbm2ddl.TableMetadata <init>
INFO: HHH000037: Columns: [airplane_id, number, id, row]
Oct 29, 2022 10:23:37 AM org.hibernate.tool.hbm2ddl.TableMetadata <init>
INFO: HHH000108: Foreign keys: [first_class_seats_airplane]
Oct 29, 2022 10:23:37 AM org.hibernate.tool.hbm2ddl.TableMetadata <init>
INFO: HHH000126: Indexes: [primary, first_class_seats_airplanes]
Oct 29, 2022 10:23:37 AM org.hibernate.tool.hbm2ddl.TableMetadata <init>
INFO: HHH000261: Table found: g2airline.flights
Oct 29, 2022 10:23:37 AM org.hibernate.tool.hbm2ddl.TableMetadata <init>
INFO: HHH000037: Columns: [airplane_id, time_of_departure, route_id, id]
Oct 29, 2022 10:23:37 AM org.hibernate.tool.hbm2ddl.TableMetadata <init>
INFO: HHH000108: Foreign keys: [flights_routes, flights_airplane]
Oct 29, 2022 10:23:37 AM org.hibernate.tool.hbm2ddl.TableMetadata <init>
INFO: HHH000126: Indexes: [flights_airplanes, flights_routes, projection_ak_1, primary]
Oct 29, 2022 10:23:37 AM org.hibernate.tool.hbm2ddl.TableMetadata <init>
INFO: HHH000261: Table found: g2airline.premium_economy_seats
Oct 29, 2022 10:23:37 AM org.hibernate.tool.hbm2ddl.TableMetadata <init>
INFO: HHH000037: Columns: [airplane_id, number, id, row]
Oct 29, 2022 10:23:37 AM org.hibernate.tool.hbm2ddl.TableMetadata <init>
INFO: HHH000108: Foreign keys: [premium_economy_seats_airplane]
Oct 29, 2022 10:23:37 AM org.hibernate.tool.hbm2ddl.TableMetadata <init>
INFO: HHH000126: Indexes: [premium_economy_seats_airplane, primary]
Oct 29, 2022 10:23:37 AM org.hibernate.tool.hbm2ddl.TableMetadata <init>
INFO: HHH000261: Table found: g2airline.reservations
Oct 29, 2022 10:23:37 AM org.hibernate.tool.hbm2ddl.TableMetadata <init>
INFO: HHH000037: Columns: [user_id, paid, active, id, flight_id]
Oct 29, 2022 10:23:37 AM org.hibernate.tool.hbm2ddl.TableMetadata <init>
INFO: HHH000108: Foreign keys: [reservations_reserving_user, reservations_projection]
Oct 29, 2022 10:23:37 AM org.hibernate.tool.hbm2ddl.TableMetadata <init>
INFO: HHH000126: Indexes: [reservations_reserving_user, reservations_projection, primary]
Oct 29, 2022 10:23:37 AM org.hibernate.tool.hbm2ddl.TableMetadata <init>
INFO: HHH000261: Table found: g2airline.reservations_info
Oct 29, 2022 10:23:37 AM org.hibernate.tool.hbm2ddl.TableMetadata <init>
INFO: HHH000037: Columns: [reservation_id, gender, name, seat_class, phone_number, id, age]
Oct 29, 2022 10:23:37 AM org.hibernate.tool.hbm2ddl.TableMetadata <init>
INFO: HHH000108: Foreign keys: [reservations_info_ibfk_1]
Oct 29, 2022 10:23:37 AM org.hibernate.tool.hbm2ddl.TableMetadata <init>
INFO: HHH000126: Indexes: [reservation_id, primary]
Oct 29, 2022 10:23:37 AM org.hibernate.tool.hbm2ddl.TableMetadata <init>
INFO: HHH000261: Table found: g2airline.routes
Oct 29, 2022 10:23:37 AM org.hibernate.tool.hbm2ddl.TableMetadata <init>
INFO: HHH000037: Columns: [departure_id, destination_id, time_of_flight, id]
Oct 29, 2022 10:23:37 AM org.hibernate.tool.hbm2ddl.TableMetadata <init>
INFO: HHH000108: Foreign keys: [routes_airports_destination, routes_airports_departure]
Oct 29, 2022 10:23:37 AM org.hibernate.tool.hbm2ddl.TableMetadata <init>
INFO: HHH000126: Indexes: [routes_airports_destination, primary, routes_airports_departure]
Oct 29, 2022 10:23:37 AM org.hibernate.tool.hbm2ddl.TableMetadata <init>
INFO: HHH000261: Table found: g2airline.users
Oct 29, 2022 10:23:37 AM org.hibernate.tool.hbm2ddl.TableMetadata <init>
INFO: HHH000037: Columns: [password, gender, date_of_birth, name, phone_number, id, title, email, username]
Oct 29, 2022 10:23:37 AM org.hibernate.tool.hbm2ddl.TableMetadata <init>
INFO: HHH000108: Foreign keys: []
Oct 29, 2022 10:23:37 AM org.hibernate.tool.hbm2ddl.TableMetadata <init>
INFO: HHH000126: Indexes: [primary]
Oct 29, 2022 10:23:37 AM org.hibernate.tool.hbm2ddl.SchemaUpdate execute
INFO: HHH000232: Schema update complete
Oct 29, 2022 10:23:37 AM org.hibernate.cfg.Configuration configure
INFO: HHH000043: Configuring from resource: hibernate.cfg.xml
Oct 29, 2022 10:23:37 AM org.hibernate.cfg.Configuration getConfigurationInputStream
INFO: HHH000040: Configuration resource: hibernate.cfg.xml
Oct 29, 2022 10:23:37 AM org.hibernate.internal.util.xml.DTDEntityResolver resolveEntity
WARN: HHH000223: Recognized obsolete hibernate namespace http://hibernate.sourceforge.net/. Use namespace http://www.hibernate.org/dtd/ instead. Refer to Hibernate 3.6 Migration Guide!
Oct 29, 2022 10:23:37 AM org.hibernate.cfg.Configuration addResource
INFO: HHH000221: Reading mappings from resource: pojo/Admins.hbm.xml
Oct 29, 2022 10:23:37 AM org.hibernate.cfg.Configuration addResource
INFO: HHH000221: Reading mappings from resource: pojo/Airplanes.hbm.xml
Oct 29, 2022 10:23:37 AM org.hibernate.cfg.Configuration addResource
INFO: HHH000221: Reading mappings from resource: pojo/ReservationsInfo.hbm.xml
Oct 29, 2022 10:23:37 AM org.hibernate.cfg.Configuration addResource
INFO: HHH000221: Reading mappings from resource: pojo/Airports.hbm.xml
Oct 29, 2022 10:23:37 AM org.hibernate.cfg.Configuration addResource
INFO: HHH000221: Reading mappings from resource: pojo/Users.hbm.xml
Oct 29, 2022 10:23:37 AM org.hibernate.cfg.Configuration addResource
INFO: HHH000221: Reading mappings from resource: pojo/BusinessSeats.hbm.xml
Oct 29, 2022 10:23:37 AM org.hibernate.cfg.Configuration addResource
INFO: HHH000221: Reading mappings from resource: pojo/EconomySeats.hbm.xml
Oct 29, 2022 10:23:37 AM org.hibernate.cfg.Configuration addResource
INFO: HHH000221: Reading mappings from resource: pojo/FirstClassSeats.hbm.xml
Oct 29, 2022 10:23:37 AM org.hibernate.cfg.Configuration addResource
INFO: HHH000221: Reading mappings from resource: pojo/Routes.hbm.xml
Oct 29, 2022 10:23:37 AM org.hibernate.cfg.Configuration addResource
INFO: HHH000221: Reading mappings from resource: pojo/Flights.hbm.xml
Oct 29, 2022 10:23:37 AM org.hibernate.cfg.Configuration addResource
INFO: HHH000221: Reading mappings from resource: pojo/PremiumEconomySeats.hbm.xml
Oct 29, 2022 10:23:37 AM org.hibernate.cfg.Configuration addResource
INFO: HHH000221: Reading mappings from resource: pojo/Airlines.hbm.xml
Oct 29, 2022 10:23:37 AM org.hibernate.cfg.Configuration addResource
INFO: HHH000221: Reading mappings from resource: pojo/Reservations.hbm.xml
Oct 29, 2022 10:23:37 AM org.hibernate.cfg.Configuration doConfigure
INFO: HHH000041: Configured SessionFactory: null
Oct 29, 2022 10:23:37 AM org.hibernate.engine.jdbc.connections.internal.DriverManagerConnectionProviderImpl configure
WARN: HHH000402: Using Hibernate built-in connection pool (not for production use!)
Oct 29, 2022 10:23:37 AM org.hibernate.engine.jdbc.connections.internal.DriverManagerConnectionProviderImpl buildCreator
INFO: HHH000401: using driver [com.mysql.jdbc.Driver] at URL [jdbc:mysql://localhost:3306/g2airline?zeroDateTimeBehavior=convertToNull]
Oct 29, 2022 10:23:37 AM org.hibernate.engine.jdbc.connections.internal.DriverManagerConnectionProviderImpl buildCreator
INFO: HHH000046: Connection properties: {user=root}
Oct 29, 2022 10:23:37 AM org.hibernate.engine.jdbc.connections.internal.DriverManagerConnectionProviderImpl buildCreator
INFO: HHH000006: Autocommit mode: false
Oct 29, 2022 10:23:37 AM org.hibernate.engine.jdbc.connections.internal.DriverManagerConnectionProviderImpl configure
INFO: HHH000115: Hibernate connection pool size: 20 (min=1)
Oct 29, 2022 10:23:37 AM org.hibernate.dialect.Dialect <init>
INFO: HHH000400: Using dialect: org.hibernate.dialect.MySQLDialect
Oct 29, 2022 10:23:37 AM org.hibernate.engine.transaction.internal.TransactionFactoryInitiator initiateService
INFO: HHH000399: Using default transaction strategy (direct JDBC transactions)
Oct 29, 2022 10:23:37 AM org.hibernate.hql.internal.ast.ASTQueryTranslatorFactory <init>
INFO: HHH000397: Using ASTQueryTranslatorFactory
Oct 29, 2022 10:23:37 AM org.hibernate.tool.hbm2ddl.SchemaUpdate execute
INFO: HHH000228: Running hbm2ddl schema update
Oct 29, 2022 10:23:37 AM org.hibernate.tool.hbm2ddl.SchemaUpdate execute
INFO: HHH000102: Fetching database metadata
Oct 29, 2022 10:23:37 AM org.hibernate.tool.hbm2ddl.SchemaUpdate execute
INFO: HHH000396: Updating schema
Oct 29, 2022 10:23:37 AM org.hibernate.tool.hbm2ddl.TableMetadata <init>
INFO: HHH000261: Table found: g2airline.admins
Oct 29, 2022 10:23:37 AM org.hibernate.tool.hbm2ddl.TableMetadata <init>
INFO: HHH000037: Columns: [password, delete_priv, update_priv, select_priv, name, id, insert_priv, username]
Oct 29, 2022 10:23:37 AM org.hibernate.tool.hbm2ddl.TableMetadata <init>
INFO: HHH000108: Foreign keys: []
Oct 29, 2022 10:23:37 AM org.hibernate.tool.hbm2ddl.TableMetadata <init>
INFO: HHH000126: Indexes: [primary]
Oct 29, 2022 10:23:37 AM org.hibernate.tool.hbm2ddl.TableMetadata <init>
INFO: HHH000261: Table found: g2airline.airlines
Oct 29, 2022 10:23:37 AM org.hibernate.tool.hbm2ddl.TableMetadata <init>
INFO: HHH000037: Columns: [code, name, id]
Oct 29, 2022 10:23:37 AM org.hibernate.tool.hbm2ddl.TableMetadata <init>
INFO: HHH000108: Foreign keys: []
Oct 29, 2022 10:23:37 AM org.hibernate.tool.hbm2ddl.TableMetadata <init>
INFO: HHH000126: Indexes: [primary]
Oct 29, 2022 10:23:37 AM org.hibernate.tool.hbm2ddl.TableMetadata <init>
INFO: HHH000261: Table found: g2airline.airplanes
Oct 29, 2022 10:23:37 AM org.hibernate.tool.hbm2ddl.TableMetadata <init>
INFO: HHH000037: Columns: [economy_seats, business_seats, airline_id, id, premium_economy_seats, first_class_seats, type, total_seats]
Oct 29, 2022 10:23:37 AM org.hibernate.tool.hbm2ddl.TableMetadata <init>
INFO: HHH000108: Foreign keys: [airplanes_airlines]
Oct 29, 2022 10:23:37 AM org.hibernate.tool.hbm2ddl.TableMetadata <init>
INFO: HHH000126: Indexes: [airplanes_airlines, primary]
Oct 29, 2022 10:23:37 AM org.hibernate.tool.hbm2ddl.TableMetadata <init>
INFO: HHH000261: Table found: g2airline.airports
Oct 29, 2022 10:23:37 AM org.hibernate.tool.hbm2ddl.TableMetadata <init>
INFO: HHH000037: Columns: [code, province, city, name, id]
Oct 29, 2022 10:23:37 AM org.hibernate.tool.hbm2ddl.TableMetadata <init>
INFO: HHH000108: Foreign keys: []
Oct 29, 2022 10:23:37 AM org.hibernate.tool.hbm2ddl.TableMetadata <init>
INFO: HHH000126: Indexes: [primary]
Oct 29, 2022 10:23:37 AM org.hibernate.tool.hbm2ddl.TableMetadata <init>
INFO: HHH000261: Table found: g2airline.business_seats
Oct 29, 2022 10:23:37 AM org.hibernate.tool.hbm2ddl.TableMetadata <init>
INFO: HHH000037: Columns: [airplane_id, number, id, row]
Oct 29, 2022 10:23:37 AM org.hibernate.tool.hbm2ddl.TableMetadata <init>
INFO: HHH000108: Foreign keys: [business_seats_airplane]
Oct 29, 2022 10:23:37 AM org.hibernate.tool.hbm2ddl.TableMetadata <init>
INFO: HHH000126: Indexes: [business_seats_airplanes, primary]
Oct 29, 2022 10:23:37 AM org.hibernate.tool.hbm2ddl.TableMetadata <init>
INFO: HHH000261: Table found: g2airline.economy_seats
Oct 29, 2022 10:23:37 AM org.hibernate.tool.hbm2ddl.TableMetadata <init>
INFO: HHH000037: Columns: [airplane_id, number, id, row]
Oct 29, 2022 10:23:37 AM org.hibernate.tool.hbm2ddl.TableMetadata <init>
INFO: HHH000108: Foreign keys: [economy_seats_airplanes]
Oct 29, 2022 10:23:37 AM org.hibernate.tool.hbm2ddl.TableMetadata <init>
INFO: HHH000126: Indexes: [economy_seats_airplanes, primary]
Oct 29, 2022 10:23:37 AM org.hibernate.tool.hbm2ddl.TableMetadata <init>
INFO: HHH000261: Table found: g2airline.first_class_seats
Oct 29, 2022 10:23:37 AM org.hibernate.tool.hbm2ddl.TableMetadata <init>
INFO: HHH000037: Columns: [airplane_id, number, id, row]
Oct 29, 2022 10:23:37 AM org.hibernate.tool.hbm2ddl.TableMetadata <init>
INFO: HHH000108: Foreign keys: [first_class_seats_airplane]
Oct 29, 2022 10:23:37 AM org.hibernate.tool.hbm2ddl.TableMetadata <init>
INFO: HHH000126: Indexes: [primary, first_class_seats_airplanes]
Oct 29, 2022 10:23:37 AM org.hibernate.tool.hbm2ddl.TableMetadata <init>
INFO: HHH000261: Table found: g2airline.flights
Oct 29, 2022 10:23:37 AM org.hibernate.tool.hbm2ddl.TableMetadata <init>
INFO: HHH000037: Columns: [airplane_id, time_of_departure, route_id, id]
Oct 29, 2022 10:23:37 AM org.hibernate.tool.hbm2ddl.TableMetadata <init>
INFO: HHH000108: Foreign keys: [flights_routes, flights_airplane]
Oct 29, 2022 10:23:37 AM org.hibernate.tool.hbm2ddl.TableMetadata <init>
INFO: HHH000126: Indexes: [flights_airplanes, flights_routes, projection_ak_1, primary]
Oct 29, 2022 10:23:37 AM org.hibernate.tool.hbm2ddl.TableMetadata <init>
INFO: HHH000261: Table found: g2airline.premium_economy_seats
Oct 29, 2022 10:23:37 AM org.hibernate.tool.hbm2ddl.TableMetadata <init>
INFO: HHH000037: Columns: [airplane_id, number, id, row]
Oct 29, 2022 10:23:37 AM org.hibernate.tool.hbm2ddl.TableMetadata <init>
INFO: HHH000108: Foreign keys: [premium_economy_seats_airplane]
Oct 29, 2022 10:23:37 AM org.hibernate.tool.hbm2ddl.TableMetadata <init>
INFO: HHH000126: Indexes: [premium_economy_seats_airplane, primary]
Oct 29, 2022 10:23:37 AM org.hibernate.tool.hbm2ddl.TableMetadata <init>
INFO: HHH000261: Table found: g2airline.reservations
Oct 29, 2022 10:23:37 AM org.hibernate.tool.hbm2ddl.TableMetadata <init>
INFO: HHH000037: Columns: [user_id, paid, active, id, flight_id]
Oct 29, 2022 10:23:37 AM org.hibernate.tool.hbm2ddl.TableMetadata <init>
INFO: HHH000108: Foreign keys: [reservations_reserving_user, reservations_projection]
Oct 29, 2022 10:23:37 AM org.hibernate.tool.hbm2ddl.TableMetadata <init>
INFO: HHH000126: Indexes: [reservations_reserving_user, reservations_projection, primary]
Oct 29, 2022 10:23:37 AM org.hibernate.tool.hbm2ddl.TableMetadata <init>
INFO: HHH000261: Table found: g2airline.reservations_info
Oct 29, 2022 10:23:37 AM org.hibernate.tool.hbm2ddl.TableMetadata <init>
INFO: HHH000037: Columns: [reservation_id, gender, name, seat_class, phone_number, id, age]
Oct 29, 2022 10:23:37 AM org.hibernate.tool.hbm2ddl.TableMetadata <init>
INFO: HHH000108: Foreign keys: [reservations_info_ibfk_1]
Oct 29, 2022 10:23:37 AM org.hibernate.tool.hbm2ddl.TableMetadata <init>
INFO: HHH000126: Indexes: [reservation_id, primary]
Oct 29, 2022 10:23:37 AM org.hibernate.tool.hbm2ddl.TableMetadata <init>
INFO: HHH000261: Table found: g2airline.routes
Oct 29, 2022 10:23:37 AM org.hibernate.tool.hbm2ddl.TableMetadata <init>
INFO: HHH000037: Columns: [departure_id, destination_id, time_of_flight, id]
Oct 29, 2022 10:23:37 AM org.hibernate.tool.hbm2ddl.TableMetadata <init>
INFO: HHH000108: Foreign keys: [routes_airports_destination, routes_airports_departure]
Oct 29, 2022 10:23:37 AM org.hibernate.tool.hbm2ddl.TableMetadata <init>
INFO: HHH000126: Indexes: [routes_airports_destination, primary, routes_airports_departure]
Oct 29, 2022 10:23:38 AM org.hibernate.tool.hbm2ddl.TableMetadata <init>
INFO: HHH000261: Table found: g2airline.users
Oct 29, 2022 10:23:38 AM org.hibernate.tool.hbm2ddl.TableMetadata <init>
INFO: HHH000037: Columns: [password, gender, date_of_birth, name, phone_number, id, title, email, username]
Oct 29, 2022 10:23:38 AM org.hibernate.tool.hbm2ddl.TableMetadata <init>
INFO: HHH000108: Foreign keys: []
Oct 29, 2022 10:23:38 AM org.hibernate.tool.hbm2ddl.TableMetadata <init>
INFO: HHH000126: Indexes: [primary]
Oct 29, 2022 10:23:38 AM org.hibernate.tool.hbm2ddl.SchemaUpdate execute
INFO: HHH000232: Schema update complete
Oct 29, 2022 10:23:38 AM org.hibernate.cfg.Configuration configure
INFO: HHH000043: Configuring from resource: hibernate.cfg.xml
Oct 29, 2022 10:23:38 AM org.hibernate.cfg.Configuration getConfigurationInputStream
INFO: HHH000040: Configuration resource: hibernate.cfg.xml
Oct 29, 2022 10:23:38 AM org.hibernate.internal.util.xml.DTDEntityResolver resolveEntity
WARN: HHH000223: Recognized obsolete hibernate namespace http://hibernate.sourceforge.net/. Use namespace http://www.hibernate.org/dtd/ instead. Refer to Hibernate 3.6 Migration Guide!
Oct 29, 2022 10:23:38 AM org.hibernate.cfg.Configuration addResource
INFO: HHH000221: Reading mappings from resource: pojo/Admins.hbm.xml
Oct 29, 2022 10:23:38 AM org.hibernate.cfg.Configuration addResource
INFO: HHH000221: Reading mappings from resource: pojo/Airplanes.hbm.xml
Oct 29, 2022 10:23:38 AM org.hibernate.cfg.Configuration addResource
INFO: HHH000221: Reading mappings from resource: pojo/ReservationsInfo.hbm.xml
Oct 29, 2022 10:23:38 AM org.hibernate.cfg.Configuration addResource
INFO: HHH000221: Reading mappings from resource: pojo/Airports.hbm.xml
Oct 29, 2022 10:23:38 AM org.hibernate.cfg.Configuration addResource
INFO: HHH000221: Reading mappings from resource: pojo/Users.hbm.xml
Oct 29, 2022 10:23:38 AM org.hibernate.cfg.Configuration addResource
INFO: HHH000221: Reading mappings from resource: pojo/BusinessSeats.hbm.xml
Oct 29, 2022 10:23:38 AM org.hibernate.cfg.Configuration addResource
INFO: HHH000221: Reading mappings from resource: pojo/EconomySeats.hbm.xml
Oct 29, 2022 10:23:38 AM org.hibernate.cfg.Configuration addResource
INFO: HHH000221: Reading mappings from resource: pojo/FirstClassSeats.hbm.xml
Oct 29, 2022 10:23:38 AM org.hibernate.cfg.Configuration addResource
INFO: HHH000221: Reading mappings from resource: pojo/Routes.hbm.xml
Oct 29, 2022 10:23:38 AM org.hibernate.cfg.Configuration addResource
INFO: HHH000221: Reading mappings from resource: pojo/Flights.hbm.xml
Oct 29, 2022 10:23:38 AM org.hibernate.cfg.Configuration addResource
INFO: HHH000221: Reading mappings from resource: pojo/PremiumEconomySeats.hbm.xml
Oct 29, 2022 10:23:38 AM org.hibernate.cfg.Configuration addResource
INFO: HHH000221: Reading mappings from resource: pojo/Airlines.hbm.xml
Oct 29, 2022 10:23:38 AM org.hibernate.cfg.Configuration addResource
INFO: HHH000221: Reading mappings from resource: pojo/Reservations.hbm.xml
Oct 29, 2022 10:23:38 AM org.hibernate.cfg.Configuration doConfigure
INFO: HHH000041: Configured SessionFactory: null
Oct 29, 2022 10:23:38 AM org.hibernate.engine.jdbc.connections.internal.DriverManagerConnectionProviderImpl configure
WARN: HHH000402: Using Hibernate built-in connection pool (not for production use!)
Oct 29, 2022 10:23:38 AM org.hibernate.engine.jdbc.connections.internal.DriverManagerConnectionProviderImpl buildCreator
INFO: HHH000401: using driver [com.mysql.jdbc.Driver] at URL [jdbc:mysql://localhost:3306/g2airline?zeroDateTimeBehavior=convertToNull]
Oct 29, 2022 10:23:38 AM org.hibernate.engine.jdbc.connections.internal.DriverManagerConnectionProviderImpl buildCreator
INFO: HHH000046: Connection properties: {user=root}
Oct 29, 2022 10:23:38 AM org.hibernate.engine.jdbc.connections.internal.DriverManagerConnectionProviderImpl buildCreator
INFO: HHH000006: Autocommit mode: false
Oct 29, 2022 10:23:38 AM org.hibernate.engine.jdbc.connections.internal.DriverManagerConnectionProviderImpl configure
INFO: HHH000115: Hibernate connection pool size: 20 (min=1)
Oct 29, 2022 10:23:38 AM org.hibernate.dialect.Dialect <init>
INFO: HHH000400: Using dialect: org.hibernate.dialect.MySQLDialect
Oct 29, 2022 10:23:38 AM org.hibernate.engine.transaction.internal.TransactionFactoryInitiator initiateService
INFO: HHH000399: Using default transaction strategy (direct JDBC transactions)
Oct 29, 2022 10:23:38 AM org.hibernate.hql.internal.ast.ASTQueryTranslatorFactory <init>
INFO: HHH000397: Using ASTQueryTranslatorFactory
Oct 29, 2022 10:23:38 AM org.hibernate.tool.hbm2ddl.SchemaUpdate execute
INFO: HHH000228: Running hbm2ddl schema update
Oct 29, 2022 10:23:38 AM org.hibernate.tool.hbm2ddl.SchemaUpdate execute
INFO: HHH000102: Fetching database metadata
Oct 29, 2022 10:23:38 AM org.hibernate.tool.hbm2ddl.SchemaUpdate execute
INFO: HHH000396: Updating schema
Oct 29, 2022 10:23:38 AM org.hibernate.tool.hbm2ddl.TableMetadata <init>
INFO: HHH000261: Table found: g2airline.admins
Oct 29, 2022 10:23:38 AM org.hibernate.tool.hbm2ddl.TableMetadata <init>
INFO: HHH000037: Columns: [password, delete_priv, update_priv, select_priv, name, id, insert_priv, username]
Oct 29, 2022 10:23:38 AM org.hibernate.tool.hbm2ddl.TableMetadata <init>
INFO: HHH000108: Foreign keys: []
Oct 29, 2022 10:23:38 AM org.hibernate.tool.hbm2ddl.TableMetadata <init>
INFO: HHH000126: Indexes: [primary]
Oct 29, 2022 10:23:38 AM org.hibernate.tool.hbm2ddl.TableMetadata <init>
INFO: HHH000261: Table found: g2airline.airlines
Oct 29, 2022 10:23:38 AM org.hibernate.tool.hbm2ddl.TableMetadata <init>
INFO: HHH000037: Columns: [code, name, id]
Oct 29, 2022 10:23:38 AM org.hibernate.tool.hbm2ddl.TableMetadata <init>
INFO: HHH000108: Foreign keys: []
Oct 29, 2022 10:23:38 AM org.hibernate.tool.hbm2ddl.TableMetadata <init>
INFO: HHH000126: Indexes: [primary]
Oct 29, 2022 10:23:38 AM org.hibernate.tool.hbm2ddl.TableMetadata <init>
INFO: HHH000261: Table found: g2airline.airplanes
Oct 29, 2022 10:23:38 AM org.hibernate.tool.hbm2ddl.TableMetadata <init>
INFO: HHH000037: Columns: [economy_seats, business_seats, airline_id, id, premium_economy_seats, first_class_seats, type, total_seats]
Oct 29, 2022 10:23:38 AM org.hibernate.tool.hbm2ddl.TableMetadata <init>
INFO: HHH000108: Foreign keys: [airplanes_airlines]
Oct 29, 2022 10:23:38 AM org.hibernate.tool.hbm2ddl.TableMetadata <init>
INFO: HHH000126: Indexes: [airplanes_airlines, primary]
Oct 29, 2022 10:23:38 AM org.hibernate.tool.hbm2ddl.TableMetadata <init>
INFO: HHH000261: Table found: g2airline.airports
Oct 29, 2022 10:23:38 AM org.hibernate.tool.hbm2ddl.TableMetadata <init>
INFO: HHH000037: Columns: [code, province, city, name, id]
Oct 29, 2022 10:23:38 AM org.hibernate.tool.hbm2ddl.TableMetadata <init>
INFO: HHH000108: Foreign keys: []
Oct 29, 2022 10:23:38 AM org.hibernate.tool.hbm2ddl.TableMetadata <init>
INFO: HHH000126: Indexes: [primary]
Oct 29, 2022 10:23:38 AM org.hibernate.tool.hbm2ddl.TableMetadata <init>
INFO: HHH000261: Table found: g2airline.business_seats
Oct 29, 2022 10:23:38 AM org.hibernate.tool.hbm2ddl.TableMetadata <init>
INFO: HHH000037: Columns: [airplane_id, number, id, row]
Oct 29, 2022 10:23:38 AM org.hibernate.tool.hbm2ddl.TableMetadata <init>
INFO: HHH000108: Foreign keys: [business_seats_airplane]
Oct 29, 2022 10:23:38 AM org.hibernate.tool.hbm2ddl.TableMetadata <init>
INFO: HHH000126: Indexes: [business_seats_airplanes, primary]
Oct 29, 2022 10:23:38 AM org.hibernate.tool.hbm2ddl.TableMetadata <init>
INFO: HHH000261: Table found: g2airline.economy_seats
Oct 29, 2022 10:23:38 AM org.hibernate.tool.hbm2ddl.TableMetadata <init>
INFO: HHH000037: Columns: [airplane_id, number, id, row]
Oct 29, 2022 10:23:38 AM org.hibernate.tool.hbm2ddl.TableMetadata <init>
INFO: HHH000108: Foreign keys: [economy_seats_airplanes]
Oct 29, 2022 10:23:38 AM org.hibernate.tool.hbm2ddl.TableMetadata <init>
INFO: HHH000126: Indexes: [economy_seats_airplanes, primary]
Oct 29, 2022 10:23:38 AM org.hibernate.tool.hbm2ddl.TableMetadata <init>
INFO: HHH000261: Table found: g2airline.first_class_seats
Oct 29, 2022 10:23:38 AM org.hibernate.tool.hbm2ddl.TableMetadata <init>
INFO: HHH000037: Columns: [airplane_id, number, id, row]
Oct 29, 2022 10:23:38 AM org.hibernate.tool.hbm2ddl.TableMetadata <init>
INFO: HHH000108: Foreign keys: [first_class_seats_airplane]
Oct 29, 2022 10:23:38 AM org.hibernate.tool.hbm2ddl.TableMetadata <init>
INFO: HHH000126: Indexes: [primary, first_class_seats_airplanes]
Oct 29, 2022 10:23:38 AM org.hibernate.tool.hbm2ddl.TableMetadata <init>
INFO: HHH000261: Table found: g2airline.flights
Oct 29, 2022 10:23:38 AM org.hibernate.tool.hbm2ddl.TableMetadata <init>
INFO: HHH000037: Columns: [airplane_id, time_of_departure, route_id, id]
Oct 29, 2022 10:23:38 AM org.hibernate.tool.hbm2ddl.TableMetadata <init>
INFO: HHH000108: Foreign keys: [flights_routes, flights_airplane]
Oct 29, 2022 10:23:38 AM org.hibernate.tool.hbm2ddl.TableMetadata <init>
INFO: HHH000126: Indexes: [flights_airplanes, flights_routes, projection_ak_1, primary]
Oct 29, 2022 10:23:38 AM org.hibernate.tool.hbm2ddl.TableMetadata <init>
INFO: HHH000261: Table found: g2airline.premium_economy_seats
Oct 29, 2022 10:23:38 AM org.hibernate.tool.hbm2ddl.TableMetadata <init>
INFO: HHH000037: Columns: [airplane_id, number, id, row]
Oct 29, 2022 10:23:38 AM org.hibernate.tool.hbm2ddl.TableMetadata <init>
INFO: HHH000108: Foreign keys: [premium_economy_seats_airplane]
Oct 29, 2022 10:23:38 AM org.hibernate.tool.hbm2ddl.TableMetadata <init>
INFO: HHH000126: Indexes: [premium_economy_seats_airplane, primary]
Oct 29, 2022 10:23:38 AM org.hibernate.tool.hbm2ddl.TableMetadata <init>
INFO: HHH000261: Table found: g2airline.reservations
Oct 29, 2022 10:23:38 AM org.hibernate.tool.hbm2ddl.TableMetadata <init>
INFO: HHH000037: Columns: [user_id, paid, active, id, flight_id]
Oct 29, 2022 10:23:38 AM org.hibernate.tool.hbm2ddl.TableMetadata <init>
INFO: HHH000108: Foreign keys: [reservations_reserving_user, reservations_projection]
Oct 29, 2022 10:23:38 AM org.hibernate.tool.hbm2ddl.TableMetadata <init>
INFO: HHH000126: Indexes: [reservations_reserving_user, reservations_projection, primary]
Oct 29, 2022 10:23:38 AM org.hibernate.tool.hbm2ddl.TableMetadata <init>
INFO: HHH000261: Table found: g2airline.reservations_info
Oct 29, 2022 10:23:38 AM org.hibernate.tool.hbm2ddl.TableMetadata <init>
INFO: HHH000037: Columns: [reservation_id, gender, name, seat_class, phone_number, id, age]
Oct 29, 2022 10:23:38 AM org.hibernate.tool.hbm2ddl.TableMetadata <init>
INFO: HHH000108: Foreign keys: [reservations_info_ibfk_1]
Oct 29, 2022 10:23:38 AM org.hibernate.tool.hbm2ddl.TableMetadata <init>
INFO: HHH000126: Indexes: [reservation_id, primary]
Oct 29, 2022 10:23:38 AM org.hibernate.tool.hbm2ddl.TableMetadata <init>
INFO: HHH000261: Table found: g2airline.routes
Oct 29, 2022 10:23:38 AM org.hibernate.tool.hbm2ddl.TableMetadata <init>
INFO: HHH000037: Columns: [departure_id, destination_id, time_of_flight, id]
Oct 29, 2022 10:23:38 AM org.hibernate.tool.hbm2ddl.TableMetadata <init>
INFO: HHH000108: Foreign keys: [routes_airports_destination, routes_airports_departure]
Oct 29, 2022 10:23:38 AM org.hibernate.tool.hbm2ddl.TableMetadata <init>
INFO: HHH000126: Indexes: [routes_airports_destination, primary, routes_airports_departure]
Oct 29, 2022 10:23:38 AM org.hibernate.tool.hbm2ddl.TableMetadata <init>
INFO: HHH000261: Table found: g2airline.users
Oct 29, 2022 10:23:38 AM org.hibernate.tool.hbm2ddl.TableMetadata <init>
INFO: HHH000037: Columns: [password, gender, date_of_birth, name, phone_number, id, title, email, username]
Oct 29, 2022 10:23:38 AM org.hibernate.tool.hbm2ddl.TableMetadata <init>
INFO: HHH000108: Foreign keys: []
Oct 29, 2022 10:23:38 AM org.hibernate.tool.hbm2ddl.TableMetadata <init>
INFO: HHH000126: Indexes: [primary]
Oct 29, 2022 10:23:38 AM org.hibernate.tool.hbm2ddl.SchemaUpdate execute
INFO: HHH000232: Schema update complete
Oct 29, 2022 10:23:38 AM org.hibernate.cfg.Configuration configure
INFO: HHH000043: Configuring from resource: hibernate.cfg.xml
Oct 29, 2022 10:23:38 AM org.hibernate.cfg.Configuration getConfigurationInputStream
INFO: HHH000040: Configuration resource: hibernate.cfg.xml
Oct 29, 2022 10:23:38 AM org.hibernate.internal.util.xml.DTDEntityResolver resolveEntity
WARN: HHH000223: Recognized obsolete hibernate namespace http://hibernate.sourceforge.net/. Use namespace http://www.hibernate.org/dtd/ instead. Refer to Hibernate 3.6 Migration Guide!
Oct 29, 2022 10:23:38 AM org.hibernate.cfg.Configuration addResource
INFO: HHH000221: Reading mappings from resource: pojo/Admins.hbm.xml
Oct 29, 2022 10:23:38 AM org.hibernate.cfg.Configuration addResource
INFO: HHH000221: Reading mappings from resource: pojo/Airplanes.hbm.xml
Oct 29, 2022 10:23:38 AM org.hibernate.cfg.Configuration addResource
INFO: HHH000221: Reading mappings from resource: pojo/ReservationsInfo.hbm.xml
Oct 29, 2022 10:23:38 AM org.hibernate.cfg.Configuration addResource
INFO: HHH000221: Reading mappings from resource: pojo/Airports.hbm.xml
Oct 29, 2022 10:23:38 AM org.hibernate.cfg.Configuration addResource
INFO: HHH000221: Reading mappings from resource: pojo/Users.hbm.xml
Oct 29, 2022 10:23:38 AM org.hibernate.cfg.Configuration addResource
INFO: HHH000221: Reading mappings from resource: pojo/BusinessSeats.hbm.xml
Oct 29, 2022 10:23:38 AM org.hibernate.cfg.Configuration addResource
INFO: HHH000221: Reading mappings from resource: pojo/EconomySeats.hbm.xml
Oct 29, 2022 10:23:38 AM org.hibernate.cfg.Configuration addResource
INFO: HHH000221: Reading mappings from resource: pojo/FirstClassSeats.hbm.xml
Oct 29, 2022 10:23:38 AM org.hibernate.cfg.Configuration addResource
INFO: HHH000221: Reading mappings from resource: pojo/Routes.hbm.xml
Oct 29, 2022 10:23:38 AM org.hibernate.cfg.Configuration addResource
INFO: HHH000221: Reading mappings from resource: pojo/Flights.hbm.xml
Oct 29, 2022 10:23:38 AM org.hibernate.cfg.Configuration addResource
INFO: HHH000221: Reading mappings from resource: pojo/PremiumEconomySeats.hbm.xml
Oct 29, 2022 10:23:38 AM org.hibernate.cfg.Configuration addResource
INFO: HHH000221: Reading mappings from resource: pojo/Airlines.hbm.xml
Oct 29, 2022 10:23:38 AM org.hibernate.cfg.Configuration addResource
INFO: HHH000221: Reading mappings from resource: pojo/Reservations.hbm.xml
Oct 29, 2022 10:23:38 AM org.hibernate.cfg.Configuration doConfigure
INFO: HHH000041: Configured SessionFactory: null
Oct 29, 2022 10:23:38 AM org.hibernate.engine.jdbc.connections.internal.DriverManagerConnectionProviderImpl configure
WARN: HHH000402: Using Hibernate built-in connection pool (not for production use!)
Oct 29, 2022 10:23:38 AM org.hibernate.engine.jdbc.connections.internal.DriverManagerConnectionProviderImpl buildCreator
INFO: HHH000401: using driver [com.mysql.jdbc.Driver] at URL [jdbc:mysql://localhost:3306/g2airline?zeroDateTimeBehavior=convertToNull]
Oct 29, 2022 10:23:38 AM org.hibernate.engine.jdbc.connections.internal.DriverManagerConnectionProviderImpl buildCreator
INFO: HHH000046: Connection properties: {user=root}
Oct 29, 2022 10:23:38 AM org.hibernate.engine.jdbc.connections.internal.DriverManagerConnectionProviderImpl buildCreator
INFO: HHH000006: Autocommit mode: false
Oct 29, 2022 10:23:38 AM org.hibernate.engine.jdbc.connections.internal.DriverManagerConnectionProviderImpl configure
INFO: HHH000115: Hibernate connection pool size: 20 (min=1)
Oct 29, 2022 10:23:38 AM org.hibernate.dialect.Dialect <init>
INFO: HHH000400: Using dialect: org.hibernate.dialect.MySQLDialect
Oct 29, 2022 10:23:38 AM org.hibernate.engine.transaction.internal.TransactionFactoryInitiator initiateService
INFO: HHH000399: Using default transaction strategy (direct JDBC transactions)
Oct 29, 2022 10:23:38 AM org.hibernate.hql.internal.ast.ASTQueryTranslatorFactory <init>
INFO: HHH000397: Using ASTQueryTranslatorFactory
Oct 29, 2022 10:23:38 AM org.hibernate.tool.hbm2ddl.SchemaUpdate execute
INFO: HHH000228: Running hbm2ddl schema update
Oct 29, 2022 10:23:38 AM org.hibernate.tool.hbm2ddl.SchemaUpdate execute
INFO: HHH000102: Fetching database metadata
Oct 29, 2022 10:23:38 AM org.hibernate.tool.hbm2ddl.SchemaUpdate execute
INFO: HHH000396: Updating schema
Oct 29, 2022 10:23:38 AM org.hibernate.tool.hbm2ddl.TableMetadata <init>
INFO: HHH000261: Table found: g2airline.admins
Oct 29, 2022 10:23:38 AM org.hibernate.tool.hbm2ddl.TableMetadata <init>
INFO: HHH000037: Columns: [password, delete_priv, update_priv, select_priv, name, id, insert_priv, username]
Oct 29, 2022 10:23:38 AM org.hibernate.tool.hbm2ddl.TableMetadata <init>
INFO: HHH000108: Foreign keys: []
Oct 29, 2022 10:23:38 AM org.hibernate.tool.hbm2ddl.TableMetadata <init>
INFO: HHH000126: Indexes: [primary]
Oct 29, 2022 10:23:38 AM org.hibernate.tool.hbm2ddl.TableMetadata <init>
INFO: HHH000261: Table found: g2airline.airlines
Oct 29, 2022 10:23:38 AM org.hibernate.tool.hbm2ddl.TableMetadata <init>
INFO: HHH000037: Columns: [code, name, id]
Oct 29, 2022 10:23:38 AM org.hibernate.tool.hbm2ddl.TableMetadata <init>
INFO: HHH000108: Foreign keys: []
Oct 29, 2022 10:23:38 AM org.hibernate.tool.hbm2ddl.TableMetadata <init>
INFO: HHH000126: Indexes: [primary]
Oct 29, 2022 10:23:38 AM org.hibernate.tool.hbm2ddl.TableMetadata <init>
INFO: HHH000261: Table found: g2airline.airplanes
Oct 29, 2022 10:23:38 AM org.hibernate.tool.hbm2ddl.TableMetadata <init>
INFO: HHH000037: Columns: [economy_seats, business_seats, airline_id, id, premium_economy_seats, first_class_seats, type, total_seats]
Oct 29, 2022 10:23:38 AM org.hibernate.tool.hbm2ddl.TableMetadata <init>
INFO: HHH000108: Foreign keys: [airplanes_airlines]
Oct 29, 2022 10:23:38 AM org.hibernate.tool.hbm2ddl.TableMetadata <init>
INFO: HHH000126: Indexes: [airplanes_airlines, primary]
Oct 29, 2022 10:23:38 AM org.hibernate.tool.hbm2ddl.TableMetadata <init>
INFO: HHH000261: Table found: g2airline.airports
Oct 29, 2022 10:23:38 AM org.hibernate.tool.hbm2ddl.TableMetadata <init>
INFO: HHH000037: Columns: [code, province, city, name, id]
Oct 29, 2022 10:23:38 AM org.hibernate.tool.hbm2ddl.TableMetadata <init>
INFO: HHH000108: Foreign keys: []
Oct 29, 2022 10:23:38 AM org.hibernate.tool.hbm2ddl.TableMetadata <init>
INFO: HHH000126: Indexes: [primary]
Oct 29, 2022 10:23:38 AM org.hibernate.tool.hbm2ddl.TableMetadata <init>
INFO: HHH000261: Table found: g2airline.business_seats
Oct 29, 2022 10:23:38 AM org.hibernate.tool.hbm2ddl.TableMetadata <init>
INFO: HHH000037: Columns: [airplane_id, number, id, row]
Oct 29, 2022 10:23:38 AM org.hibernate.tool.hbm2ddl.TableMetadata <init>
INFO: HHH000108: Foreign keys: [business_seats_airplane]
Oct 29, 2022 10:23:38 AM org.hibernate.tool.hbm2ddl.TableMetadata <init>
INFO: HHH000126: Indexes: [business_seats_airplanes, primary]
Oct 29, 2022 10:23:38 AM org.hibernate.tool.hbm2ddl.TableMetadata <init>
INFO: HHH000261: Table found: g2airline.economy_seats
Oct 29, 2022 10:23:38 AM org.hibernate.tool.hbm2ddl.TableMetadata <init>
INFO: HHH000037: Columns: [airplane_id, number, id, row]
Oct 29, 2022 10:23:38 AM org.hibernate.tool.hbm2ddl.TableMetadata <init>
INFO: HHH000108: Foreign keys: [economy_seats_airplanes]
Oct 29, 2022 10:23:38 AM org.hibernate.tool.hbm2ddl.TableMetadata <init>
INFO: HHH000126: Indexes: [economy_seats_airplanes, primary]
Oct 29, 2022 10:23:38 AM org.hibernate.tool.hbm2ddl.TableMetadata <init>
INFO: HHH000261: Table found: g2airline.first_class_seats
Oct 29, 2022 10:23:38 AM org.hibernate.tool.hbm2ddl.TableMetadata <init>
INFO: HHH000037: Columns: [airplane_id, number, id, row]
Oct 29, 2022 10:23:38 AM org.hibernate.tool.hbm2ddl.TableMetadata <init>
INFO: HHH000108: Foreign keys: [first_class_seats_airplane]
Oct 29, 2022 10:23:38 AM org.hibernate.tool.hbm2ddl.TableMetadata <init>
INFO: HHH000126: Indexes: [primary, first_class_seats_airplanes]
Oct 29, 2022 10:23:38 AM org.hibernate.tool.hbm2ddl.TableMetadata <init>
INFO: HHH000261: Table found: g2airline.flights
Oct 29, 2022 10:23:38 AM org.hibernate.tool.hbm2ddl.TableMetadata <init>
INFO: HHH000037: Columns: [airplane_id, time_of_departure, route_id, id]
Oct 29, 2022 10:23:38 AM org.hibernate.tool.hbm2ddl.TableMetadata <init>
INFO: HHH000108: Foreign keys: [flights_routes, flights_airplane]
Oct 29, 2022 10:23:38 AM org.hibernate.tool.hbm2ddl.TableMetadata <init>
INFO: HHH000126: Indexes: [flights_airplanes, flights_routes, projection_ak_1, primary]
Oct 29, 2022 10:23:38 AM org.hibernate.tool.hbm2ddl.TableMetadata <init>
INFO: HHH000261: Table found: g2airline.premium_economy_seats
Oct 29, 2022 10:23:38 AM org.hibernate.tool.hbm2ddl.TableMetadata <init>
INFO: HHH000037: Columns: [airplane_id, number, id, row]
Oct 29, 2022 10:23:38 AM org.hibernate.tool.hbm2ddl.TableMetadata <init>
INFO: HHH000108: Foreign keys: [premium_economy_seats_airplane]
Oct 29, 2022 10:23:38 AM org.hibernate.tool.hbm2ddl.TableMetadata <init>
INFO: HHH000126: Indexes: [premium_economy_seats_airplane, primary]
Oct 29, 2022 10:23:38 AM org.hibernate.tool.hbm2ddl.TableMetadata <init>
INFO: HHH000261: Table found: g2airline.reservations
Oct 29, 2022 10:23:38 AM org.hibernate.tool.hbm2ddl.TableMetadata <init>
INFO: HHH000037: Columns: [user_id, paid, active, id, flight_id]
Oct 29, 2022 10:23:38 AM org.hibernate.tool.hbm2ddl.TableMetadata <init>
INFO: HHH000108: Foreign keys: [reservations_reserving_user, reservations_projection]
Oct 29, 2022 10:23:38 AM org.hibernate.tool.hbm2ddl.TableMetadata <init>
INFO: HHH000126: Indexes: [reservations_reserving_user, reservations_projection, primary]
Oct 29, 2022 10:23:38 AM org.hibernate.tool.hbm2ddl.TableMetadata <init>
INFO: HHH000261: Table found: g2airline.reservations_info
Oct 29, 2022 10:23:38 AM org.hibernate.tool.hbm2ddl.TableMetadata <init>
INFO: HHH000037: Columns: [reservation_id, gender, name, seat_class, phone_number, id, age]
Oct 29, 2022 10:23:38 AM org.hibernate.tool.hbm2ddl.TableMetadata <init>
INFO: HHH000108: Foreign keys: [reservations_info_ibfk_1]
Oct 29, 2022 10:23:38 AM org.hibernate.tool.hbm2ddl.TableMetadata <init>
INFO: HHH000126: Indexes: [reservation_id, primary]
Oct 29, 2022 10:23:39 AM org.hibernate.tool.hbm2ddl.TableMetadata <init>
INFO: HHH000261: Table found: g2airline.routes
Oct 29, 2022 10:23:39 AM org.hibernate.tool.hbm2ddl.TableMetadata <init>
INFO: HHH000037: Columns: [departure_id, destination_id, time_of_flight, id]
Oct 29, 2022 10:23:39 AM org.hibernate.tool.hbm2ddl.TableMetadata <init>
INFO: HHH000108: Foreign keys: [routes_airports_destination, routes_airports_departure]
Oct 29, 2022 10:23:39 AM org.hibernate.tool.hbm2ddl.TableMetadata <init>
INFO: HHH000126: Indexes: [routes_airports_destination, primary, routes_airports_departure]
Oct 29, 2022 10:23:39 AM org.hibernate.tool.hbm2ddl.TableMetadata <init>
INFO: HHH000261: Table found: g2airline.users
Oct 29, 2022 10:23:39 AM org.hibernate.tool.hbm2ddl.TableMetadata <init>
INFO: HHH000037: Columns: [password, gender, date_of_birth, name, phone_number, id, title, email, username]
Oct 29, 2022 10:23:39 AM org.hibernate.tool.hbm2ddl.TableMetadata <init>
INFO: HHH000108: Foreign keys: []
Oct 29, 2022 10:23:39 AM org.hibernate.tool.hbm2ddl.TableMetadata <init>
INFO: HHH000126: Indexes: [primary]
Oct 29, 2022 10:23:39 AM org.hibernate.tool.hbm2ddl.SchemaUpdate execute
INFO: HHH000232: Schema update complete
Oct 29, 2022 10:23:39 AM org.hibernate.cfg.Configuration configure
INFO: HHH000043: Configuring from resource: hibernate.cfg.xml
Oct 29, 2022 10:23:39 AM org.hibernate.cfg.Configuration getConfigurationInputStream
INFO: HHH000040: Configuration resource: hibernate.cfg.xml
Oct 29, 2022 10:23:39 AM org.hibernate.internal.util.xml.DTDEntityResolver resolveEntity
WARN: HHH000223: Recognized obsolete hibernate namespace http://hibernate.sourceforge.net/. Use namespace http://www.hibernate.org/dtd/ instead. Refer to Hibernate 3.6 Migration Guide!
Oct 29, 2022 10:23:39 AM org.hibernate.cfg.Configuration addResource
INFO: HHH000221: Reading mappings from resource: pojo/Admins.hbm.xml
Oct 29, 2022 10:23:39 AM org.hibernate.cfg.Configuration addResource
INFO: HHH000221: Reading mappings from resource: pojo/Airplanes.hbm.xml
Oct 29, 2022 10:23:39 AM org.hibernate.cfg.Configuration addResource
INFO: HHH000221: Reading mappings from resource: pojo/ReservationsInfo.hbm.xml
Oct 29, 2022 10:23:39 AM org.hibernate.cfg.Configuration addResource
INFO: HHH000221: Reading mappings from resource: pojo/Airports.hbm.xml
Oct 29, 2022 10:23:39 AM org.hibernate.cfg.Configuration addResource
INFO: HHH000221: Reading mappings from resource: pojo/Users.hbm.xml
Oct 29, 2022 10:23:39 AM org.hibernate.cfg.Configuration addResource
INFO: HHH000221: Reading mappings from resource: pojo/BusinessSeats.hbm.xml
Oct 29, 2022 10:23:39 AM org.hibernate.cfg.Configuration addResource
INFO: HHH000221: Reading mappings from resource: pojo/EconomySeats.hbm.xml
Oct 29, 2022 10:23:39 AM org.hibernate.cfg.Configuration addResource
INFO: HHH000221: Reading mappings from resource: pojo/FirstClassSeats.hbm.xml
Oct 29, 2022 10:23:39 AM org.hibernate.cfg.Configuration addResource
INFO: HHH000221: Reading mappings from resource: pojo/Routes.hbm.xml
Oct 29, 2022 10:23:39 AM org.hibernate.cfg.Configuration addResource
INFO: HHH000221: Reading mappings from resource: pojo/Flights.hbm.xml
Oct 29, 2022 10:23:39 AM org.hibernate.cfg.Configuration addResource
INFO: HHH000221: Reading mappings from resource: pojo/PremiumEconomySeats.hbm.xml
Oct 29, 2022 10:23:39 AM org.hibernate.cfg.Configuration addResource
INFO: HHH000221: Reading mappings from resource: pojo/Airlines.hbm.xml
Oct 29, 2022 10:23:39 AM org.hibernate.cfg.Configuration addResource
INFO: HHH000221: Reading mappings from resource: pojo/Reservations.hbm.xml
Oct 29, 2022 10:23:39 AM org.hibernate.cfg.Configuration doConfigure
INFO: HHH000041: Configured SessionFactory: null
Oct 29, 2022 10:23:39 AM org.hibernate.engine.jdbc.connections.internal.DriverManagerConnectionProviderImpl configure
WARN: HHH000402: Using Hibernate built-in connection pool (not for production use!)
Oct 29, 2022 10:23:39 AM org.hibernate.engine.jdbc.connections.internal.DriverManagerConnectionProviderImpl buildCreator
INFO: HHH000401: using driver [com.mysql.jdbc.Driver] at URL [jdbc:mysql://localhost:3306/g2airline?zeroDateTimeBehavior=convertToNull]
Oct 29, 2022 10:23:39 AM org.hibernate.engine.jdbc.connections.internal.DriverManagerConnectionProviderImpl buildCreator
INFO: HHH000046: Connection properties: {user=root}
Oct 29, 2022 10:23:39 AM org.hibernate.engine.jdbc.connections.internal.DriverManagerConnectionProviderImpl buildCreator
INFO: HHH000006: Autocommit mode: false
Oct 29, 2022 10:23:39 AM org.hibernate.engine.jdbc.connections.internal.DriverManagerConnectionProviderImpl configure
INFO: HHH000115: Hibernate connection pool size: 20 (min=1)
Oct 29, 2022 10:23:39 AM org.hibernate.dialect.Dialect <init>
INFO: HHH000400: Using dialect: org.hibernate.dialect.MySQLDialect
Oct 29, 2022 10:23:39 AM org.hibernate.engine.transaction.internal.TransactionFactoryInitiator initiateService
INFO: HHH000399: Using default transaction strategy (direct JDBC transactions)
Oct 29, 2022 10:23:39 AM org.hibernate.hql.internal.ast.ASTQueryTranslatorFactory <init>
INFO: HHH000397: Using ASTQueryTranslatorFactory
Oct 29, 2022 10:23:39 AM org.hibernate.tool.hbm2ddl.SchemaUpdate execute
INFO: HHH000228: Running hbm2ddl schema update
Oct 29, 2022 10:23:39 AM org.hibernate.tool.hbm2ddl.SchemaUpdate execute
INFO: HHH000102: Fetching database metadata
Oct 29, 2022 10:23:39 AM org.hibernate.tool.hbm2ddl.SchemaUpdate execute
INFO: HHH000396: Updating schema
Oct 29, 2022 10:23:39 AM org.hibernate.tool.hbm2ddl.TableMetadata <init>
INFO: HHH000261: Table found: g2airline.admins
Oct 29, 2022 10:23:39 AM org.hibernate.tool.hbm2ddl.TableMetadata <init>
INFO: HHH000037: Columns: [password, delete_priv, update_priv, select_priv, name, id, insert_priv, username]
Oct 29, 2022 10:23:39 AM org.hibernate.tool.hbm2ddl.TableMetadata <init>
INFO: HHH000108: Foreign keys: []
Oct 29, 2022 10:23:39 AM org.hibernate.tool.hbm2ddl.TableMetadata <init>
INFO: HHH000126: Indexes: [primary]
Oct 29, 2022 10:23:39 AM org.hibernate.tool.hbm2ddl.TableMetadata <init>
INFO: HHH000261: Table found: g2airline.airlines
Oct 29, 2022 10:23:39 AM org.hibernate.tool.hbm2ddl.TableMetadata <init>
INFO: HHH000037: Columns: [code, name, id]
Oct 29, 2022 10:23:39 AM org.hibernate.tool.hbm2ddl.TableMetadata <init>
INFO: HHH000108: Foreign keys: []
Oct 29, 2022 10:23:39 AM org.hibernate.tool.hbm2ddl.TableMetadata <init>
INFO: HHH000126: Indexes: [primary]
Oct 29, 2022 10:23:39 AM org.hibernate.tool.hbm2ddl.TableMetadata <init>
INFO: HHH000261: Table found: g2airline.airplanes
Oct 29, 2022 10:23:39 AM org.hibernate.tool.hbm2ddl.TableMetadata <init>
INFO: HHH000037: Columns: [economy_seats, business_seats, airline_id, id, premium_economy_seats, first_class_seats, type, total_seats]
Oct 29, 2022 10:23:39 AM org.hibernate.tool.hbm2ddl.TableMetadata <init>
INFO: HHH000108: Foreign keys: [airplanes_airlines]
Oct 29, 2022 10:23:39 AM org.hibernate.tool.hbm2ddl.TableMetadata <init>
INFO: HHH000126: Indexes: [airplanes_airlines, primary]
Oct 29, 2022 10:23:39 AM org.hibernate.tool.hbm2ddl.TableMetadata <init>
INFO: HHH000261: Table found: g2airline.airports
Oct 29, 2022 10:23:39 AM org.hibernate.tool.hbm2ddl.TableMetadata <init>
INFO: HHH000037: Columns: [code, province, city, name, id]
Oct 29, 2022 10:23:39 AM org.hibernate.tool.hbm2ddl.TableMetadata <init>
INFO: HHH000108: Foreign keys: []
Oct 29, 2022 10:23:39 AM org.hibernate.tool.hbm2ddl.TableMetadata <init>
INFO: HHH000126: Indexes: [primary]
Oct 29, 2022 10:23:39 AM org.hibernate.tool.hbm2ddl.TableMetadata <init>
INFO: HHH000261: Table found: g2airline.business_seats
Oct 29, 2022 10:23:39 AM org.hibernate.tool.hbm2ddl.TableMetadata <init>
INFO: HHH000037: Columns: [airplane_id, number, id, row]
Oct 29, 2022 10:23:39 AM org.hibernate.tool.hbm2ddl.TableMetadata <init>
INFO: HHH000108: Foreign keys: [business_seats_airplane]
Oct 29, 2022 10:23:39 AM org.hibernate.tool.hbm2ddl.TableMetadata <init>
INFO: HHH000126: Indexes: [business_seats_airplanes, primary]
Oct 29, 2022 10:23:39 AM org.hibernate.tool.hbm2ddl.TableMetadata <init>
INFO: HHH000261: Table found: g2airline.economy_seats
Oct 29, 2022 10:23:39 AM org.hibernate.tool.hbm2ddl.TableMetadata <init>
INFO: HHH000037: Columns: [airplane_id, number, id, row]
Oct 29, 2022 10:23:39 AM org.hibernate.tool.hbm2ddl.TableMetadata <init>
INFO: HHH000108: Foreign keys: [economy_seats_airplanes]
Oct 29, 2022 10:23:39 AM org.hibernate.tool.hbm2ddl.TableMetadata <init>
INFO: HHH000126: Indexes: [economy_seats_airplanes, primary]
Oct 29, 2022 10:23:39 AM org.hibernate.tool.hbm2ddl.TableMetadata <init>
INFO: HHH000261: Table found: g2airline.first_class_seats
Oct 29, 2022 10:23:39 AM org.hibernate.tool.hbm2ddl.TableMetadata <init>
INFO: HHH000037: Columns: [airplane_id, number, id, row]
Oct 29, 2022 10:23:39 AM org.hibernate.tool.hbm2ddl.TableMetadata <init>
INFO: HHH000108: Foreign keys: [first_class_seats_airplane]
Oct 29, 2022 10:23:39 AM org.hibernate.tool.hbm2ddl.TableMetadata <init>
INFO: HHH000126: Indexes: [primary, first_class_seats_airplanes]
Oct 29, 2022 10:23:39 AM org.hibernate.tool.hbm2ddl.TableMetadata <init>
INFO: HHH000261: Table found: g2airline.flights
Oct 29, 2022 10:23:39 AM org.hibernate.tool.hbm2ddl.TableMetadata <init>
INFO: HHH000037: Columns: [airplane_id, time_of_departure, route_id, id]
Oct 29, 2022 10:23:39 AM org.hibernate.tool.hbm2ddl.TableMetadata <init>
INFO: HHH000108: Foreign keys: [flights_routes, flights_airplane]
Oct 29, 2022 10:23:39 AM org.hibernate.tool.hbm2ddl.TableMetadata <init>
INFO: HHH000126: Indexes: [flights_airplanes, flights_routes, projection_ak_1, primary]
Oct 29, 2022 10:23:39 AM org.hibernate.tool.hbm2ddl.TableMetadata <init>
INFO: HHH000261: Table found: g2airline.premium_economy_seats
Oct 29, 2022 10:23:39 AM org.hibernate.tool.hbm2ddl.TableMetadata <init>
INFO: HHH000037: Columns: [airplane_id, number, id, row]
Oct 29, 2022 10:23:39 AM org.hibernate.tool.hbm2ddl.TableMetadata <init>
INFO: HHH000108: Foreign keys: [premium_economy_seats_airplane]
Oct 29, 2022 10:23:39 AM org.hibernate.tool.hbm2ddl.TableMetadata <init>
INFO: HHH000126: Indexes: [premium_economy_seats_airplane, primary]
Oct 29, 2022 10:23:39 AM org.hibernate.tool.hbm2ddl.TableMetadata <init>
INFO: HHH000261: Table found: g2airline.reservations
Oct 29, 2022 10:23:39 AM org.hibernate.tool.hbm2ddl.TableMetadata <init>
INFO: HHH000037: Columns: [user_id, paid, active, id, flight_id]
Oct 29, 2022 10:23:39 AM org.hibernate.tool.hbm2ddl.TableMetadata <init>
INFO: HHH000108: Foreign keys: [reservations_reserving_user, reservations_projection]
Oct 29, 2022 10:23:39 AM org.hibernate.tool.hbm2ddl.TableMetadata <init>
INFO: HHH000126: Indexes: [reservations_reserving_user, reservations_projection, primary]
Oct 29, 2022 10:23:39 AM org.hibernate.tool.hbm2ddl.TableMetadata <init>
INFO: HHH000261: Table found: g2airline.reservations_info
Oct 29, 2022 10:23:39 AM org.hibernate.tool.hbm2ddl.TableMetadata <init>
INFO: HHH000037: Columns: [reservation_id, gender, name, seat_class, phone_number, id, age]
Oct 29, 2022 10:23:39 AM org.hibernate.tool.hbm2ddl.TableMetadata <init>
INFO: HHH000108: Foreign keys: [reservations_info_ibfk_1]
Oct 29, 2022 10:23:39 AM org.hibernate.tool.hbm2ddl.TableMetadata <init>
INFO: HHH000126: Indexes: [reservation_id, primary]
Oct 29, 2022 10:23:39 AM org.hibernate.tool.hbm2ddl.TableMetadata <init>
INFO: HHH000261: Table found: g2airline.routes
Oct 29, 2022 10:23:39 AM org.hibernate.tool.hbm2ddl.TableMetadata <init>
INFO: HHH000037: Columns: [departure_id, destination_id, time_of_flight, id]
Oct 29, 2022 10:23:39 AM org.hibernate.tool.hbm2ddl.TableMetadata <init>
INFO: HHH000108: Foreign keys: [routes_airports_destination, routes_airports_departure]
Oct 29, 2022 10:23:39 AM org.hibernate.tool.hbm2ddl.TableMetadata <init>
INFO: HHH000126: Indexes: [routes_airports_destination, primary, routes_airports_departure]
Oct 29, 2022 10:23:39 AM org.hibernate.tool.hbm2ddl.TableMetadata <init>
INFO: HHH000261: Table found: g2airline.users
Oct 29, 2022 10:23:39 AM org.hibernate.tool.hbm2ddl.TableMetadata <init>
INFO: HHH000037: Columns: [password, gender, date_of_birth, name, phone_number, id, title, email, username]
Oct 29, 2022 10:23:39 AM org.hibernate.tool.hbm2ddl.TableMetadata <init>
INFO: HHH000108: Foreign keys: []
Oct 29, 2022 10:23:39 AM org.hibernate.tool.hbm2ddl.TableMetadata <init>
INFO: HHH000126: Indexes: [primary]
Oct 29, 2022 10:23:39 AM org.hibernate.tool.hbm2ddl.SchemaUpdate execute
INFO: HHH000232: Schema update complete
]]></system-err>
</testsuite>
